{"C:\\Users\\deyne\\OneDrive\\Datos adjuntos de correo electrónico\\Documentos\\Proyecto de grado\\back\\src\\polyfills.ts": {"path":"C:\\Users\\deyne\\OneDrive\\Datos adjuntos de correo electrónico\\Documentos\\Proyecto de grado\\back\\src\\polyfills.ts","statementMap":{"0":{"start":{"line":1,"column":1},"end":{"line":3,"column":2}},"1":{"start":{"line":2,"column":2},"end":{"line":2,"column":25}}},"fnMap":{"0":{"name":"(anonymous_0)","decl":{"start":{"line":1,"column":35},"end":{"line":1,"column":null}},"loc":{"start":{"line":1,"column":35},"end":{"line":3,"column":1}}}},"branchMap":{},"s":{"0":1,"1":2},"f":{"0":2},"b":{}}
,"C:\\Users\\deyne\\OneDrive\\Datos adjuntos de correo electrónico\\Documentos\\Proyecto de grado\\back\\src\\server.ts": {"path":"C:\\Users\\deyne\\OneDrive\\Datos adjuntos de correo electrónico\\Documentos\\Proyecto de grado\\back\\src\\server.ts","statementMap":{"0":{"start":{"line":1,"column":0},"end":{"line":1,"column":37}},"1":{"start":{"line":2,"column":0},"end":{"line":2,"column":40}},"2":{"start":{"line":3,"column":0},"end":{"line":3,"column":53}},"3":{"start":{"line":4,"column":0},"end":{"line":4,"column":44}},"4":{"start":{"line":6,"column":0},"end":{"line":6,"column":24}},"5":{"start":{"line":7,"column":0},"end":{"line":7,"column":46}},"6":{"start":{"line":8,"column":0},"end":{"line":8,"column":48}},"7":{"start":{"line":9,"column":0},"end":{"line":9,"column":48}},"8":{"start":{"line":10,"column":0},"end":{"line":10,"column":50}},"9":{"start":{"line":11,"column":0},"end":{"line":11,"column":52}},"10":{"start":{"line":12,"column":0},"end":{"line":12,"column":54}},"11":{"start":{"line":13,"column":0},"end":{"line":13,"column":46}},"12":{"start":{"line":14,"column":0},"end":{"line":14,"column":48}},"13":{"start":{"line":15,"column":0},"end":{"line":15,"column":54}},"14":{"start":{"line":16,"column":0},"end":{"line":16,"column":48}},"15":{"start":{"line":17,"column":0},"end":{"line":17,"column":42}},"16":{"start":{"line":18,"column":0},"end":{"line":18,"column":57}},"17":{"start":{"line":19,"column":0},"end":{"line":19,"column":62}},"18":{"start":{"line":20,"column":0},"end":{"line":20,"column":48}},"19":{"start":{"line":21,"column":0},"end":{"line":21,"column":48}},"20":{"start":{"line":22,"column":0},"end":{"line":22,"column":63}},"21":{"start":{"line":23,"column":0},"end":{"line":23,"column":24}},"22":{"start":{"line":24,"column":0},"end":{"line":24,"column":21}},"23":{"start":{"line":25,"column":0},"end":{"line":25,"column":20}},"24":{"start":{"line":53,"column":10},"end":{"line":53,"column":49}},"25":{"start":{"line":54,"column":10},"end":{"line":54,"column":39}},"26":{"start":{"line":57,"column":4},"end":{"line":57,"column":21}},"27":{"start":{"line":58,"column":4},"end":{"line":58,"column":29}},"28":{"start":{"line":59,"column":4},"end":{"line":59,"column":40}},"29":{"start":{"line":60,"column":4},"end":{"line":60,"column":64}},"30":{"start":{"line":61,"column":19},"end":{"line":61,"column":27}},"31":{"start":{"line":62,"column":4},"end":{"line":62,"column":23}},"32":{"start":{"line":63,"column":4},"end":{"line":63,"column":29}},"33":{"start":{"line":64,"column":4},"end":{"line":64,"column":31}},"34":{"start":{"line":65,"column":4},"end":{"line":65,"column":34}},"35":{"start":{"line":66,"column":4},"end":{"line":66,"column":33}},"36":{"start":{"line":67,"column":4},"end":{"line":67,"column":34}},"37":{"start":{"line":68,"column":4},"end":{"line":68,"column":34}},"38":{"start":{"line":69,"column":4},"end":{"line":69,"column":35}},"39":{"start":{"line":70,"column":4},"end":{"line":70,"column":36}},"40":{"start":{"line":71,"column":4},"end":{"line":71,"column":37}},"41":{"start":{"line":72,"column":4},"end":{"line":72,"column":37}},"42":{"start":{"line":73,"column":4},"end":{"line":73,"column":33}},"43":{"start":{"line":74,"column":4},"end":{"line":74,"column":34}},"44":{"start":{"line":75,"column":4},"end":{"line":75,"column":34}},"45":{"start":{"line":76,"column":4},"end":{"line":76,"column":31}},"46":{"start":{"line":77,"column":4},"end":{"line":77,"column":36}},"47":{"start":{"line":78,"column":4},"end":{"line":78,"column":41}},"48":{"start":{"line":79,"column":4},"end":{"line":79,"column":34}},"49":{"start":{"line":81,"column":4},"end":{"line":81,"column":80}},"50":{"start":{"line":83,"column":4},"end":{"line":83,"column":103}},"51":{"start":{"line":84,"column":4},"end":{"line":92,"column":7}},"52":{"start":{"line":85,"column":6},"end":{"line":91,"column":7}},"53":{"start":{"line":86,"column":21},"end":{"line":86,"column":101}},"54":{"start":{"line":87,"column":8},"end":{"line":87,"column":23}},"55":{"start":{"line":89,"column":8},"end":{"line":89,"column":56}},"56":{"start":{"line":90,"column":8},"end":{"line":90,"column":54}},"57":{"start":{"line":96,"column":4},"end":{"line":99,"column":7}},"58":{"start":{"line":97,"column":6},"end":{"line":97,"column":23}},"59":{"start":{"line":98,"column":6},"end":{"line":98,"column":76}},"60":{"start":{"line":103,"column":4},"end":{"line":109,"column":7}},"61":{"start":{"line":104,"column":6},"end":{"line":108,"column":9}},"62":{"start":{"line":105,"column":8},"end":{"line":105,"column":111}},"63":{"start":{"line":106,"column":8},"end":{"line":106,"column":48}},"64":{"start":{"line":107,"column":8},"end":{"line":107,"column":18}},"65":{"start":{"line":113,"column":4},"end":{"line":113,"column":27}},"66":{"start":{"line":117,"column":4},"end":{"line":127,"column":7}},"67":{"start":{"line":118,"column":6},"end":{"line":125,"column":7}},"68":{"start":{"line":119,"column":8},"end":{"line":124,"column":11}},"69":{"start":{"line":120,"column":10},"end":{"line":122,"column":11}},"70":{"start":{"line":121,"column":12},"end":{"line":121,"column":33}},"71":{"start":{"line":123,"column":10},"end":{"line":123,"column":27}},"72":{"start":{"line":126,"column":6},"end":{"line":126,"column":23}},"73":{"start":{"line":49,"column":0},"end":{"line":49,"column":13}}},"fnMap":{"0":{"name":"(anonymous_8)","decl":{"start":{"line":56,"column":2},"end":{"line":56,"column":14}},"loc":{"start":{"line":56,"column":26},"end":{"line":100,"column":3}}},"1":{"name":"(anonymous_9)","decl":{"start":{"line":84,"column":26},"end":{"line":84,"column":27}},"loc":{"start":{"line":84,"column":39},"end":{"line":92,"column":5}}},"2":{"name":"(anonymous_10)","decl":{"start":{"line":96,"column":15},"end":{"line":96,"column":16}},"loc":{"start":{"line":96,"column":59},"end":{"line":99,"column":5}}},"3":{"name":"(anonymous_11)","decl":{"start":{"line":102,"column":8},"end":{"line":102,"column":14}},"loc":{"start":{"line":102,"column":14},"end":{"line":110,"column":null}}},"4":{"name":"(anonymous_13)","decl":{"start":{"line":103,"column":23},"end":{"line":103,"column":30}},"loc":{"start":{"line":103,"column":33},"end":{"line":109,"column":5}}},"5":{"name":"(anonymous_14)","decl":{"start":{"line":104,"column":55},"end":{"line":104,"column":58}},"loc":{"start":{"line":104,"column":60},"end":{"line":108,"column":7}}},"6":{"name":"(anonymous_15)","decl":{"start":{"line":112,"column":2},"end":{"line":112,"column":15}},"loc":{"start":{"line":112,"column":15},"end":{"line":114,"column":3}}},"7":{"name":"(anonymous_16)","decl":{"start":{"line":116,"column":8},"end":{"line":116,"column":12}},"loc":{"start":{"line":116,"column":12},"end":{"line":128,"column":null}}},"8":{"name":"(anonymous_18)","decl":{"start":{"line":117,"column":23},"end":{"line":117,"column":24}},"loc":{"start":{"line":117,"column":43},"end":{"line":127,"column":5}}},"9":{"name":"(anonymous_19)","decl":{"start":{"line":119,"column":30},"end":{"line":119,"column":35}},"loc":{"start":{"line":119,"column":38},"end":{"line":124,"column":9}}}},"branchMap":{"0":{"loc":{"start":{"line":118,"column":6},"end":{"line":125,"column":7}},"type":"if","locations":[{"start":{"line":118,"column":6},"end":{"line":125,"column":7}}]},"1":{"loc":{"start":{"line":120,"column":10},"end":{"line":122,"column":11}},"type":"if","locations":[{"start":{"line":120,"column":10},"end":{"line":122,"column":11}}]}},"s":{"0":1,"1":1,"2":1,"3":1,"4":1,"5":1,"6":1,"7":1,"8":1,"9":1,"10":1,"11":1,"12":1,"13":1,"14":1,"15":1,"16":1,"17":1,"18":1,"19":1,"20":1,"21":1,"22":1,"23":1,"24":1,"25":1,"26":1,"27":1,"28":1,"29":1,"30":1,"31":1,"32":1,"33":1,"34":1,"35":1,"36":1,"37":1,"38":1,"39":1,"40":1,"41":1,"42":1,"43":1,"44":1,"45":1,"46":1,"47":1,"48":1,"49":1,"50":1,"51":1,"52":0,"53":0,"54":0,"55":0,"56":0,"57":1,"58":0,"59":0,"60":1,"61":1,"62":1,"63":1,"64":1,"65":0,"66":1,"67":1,"68":1,"69":0,"70":0,"71":0,"72":1,"73":1},"f":{"0":1,"1":0,"2":0,"3":1,"4":1,"5":1,"6":0,"7":1,"8":1,"9":0},"b":{"0":[1],"1":[0]}}
,"C:\\Users\\deyne\\OneDrive\\Datos adjuntos de correo electrónico\\Documentos\\Proyecto de grado\\back\\src\\constants\\image-types.ts": {"path":"C:\\Users\\deyne\\OneDrive\\Datos adjuntos de correo electrónico\\Documentos\\Proyecto de grado\\back\\src\\constants\\image-types.ts","statementMap":{"0":{"start":{"line":1,"column":13},"end":{"line":5,"column":2}}},"fnMap":{},"branchMap":{},"s":{"0":1},"f":{},"b":{}}
,"C:\\Users\\deyne\\OneDrive\\Datos adjuntos de correo electrónico\\Documentos\\Proyecto de grado\\back\\src\\constants\\register-conditions.ts": {"path":"C:\\Users\\deyne\\OneDrive\\Datos adjuntos de correo electrónico\\Documentos\\Proyecto de grado\\back\\src\\constants\\register-conditions.ts","statementMap":{"0":{"start":{"line":1,"column":13},"end":{"line":8,"column":2}}},"fnMap":{},"branchMap":{},"s":{"0":1},"f":{},"b":{}}
,"C:\\Users\\deyne\\OneDrive\\Datos adjuntos de correo electrónico\\Documentos\\Proyecto de grado\\back\\src\\constants\\register-defaults.ts": {"path":"C:\\Users\\deyne\\OneDrive\\Datos adjuntos de correo electrónico\\Documentos\\Proyecto de grado\\back\\src\\constants\\register-defaults.ts","statementMap":{"0":{"start":{"line":1,"column":13},"end":{"line":6,"column":2}}},"fnMap":{},"branchMap":{},"s":{"0":1},"f":{},"b":{}}
,"C:\\Users\\deyne\\OneDrive\\Datos adjuntos de correo electrónico\\Documentos\\Proyecto de grado\\back\\src\\constants\\role-ids.ts": {"path":"C:\\Users\\deyne\\OneDrive\\Datos adjuntos de correo electrónico\\Documentos\\Proyecto de grado\\back\\src\\constants\\role-ids.ts","statementMap":{"0":{"start":{"line":1,"column":13},"end":{"line":5,"column":2}}},"fnMap":{},"branchMap":{},"s":{"0":1},"f":{},"b":{}}
,"C:\\Users\\deyne\\OneDrive\\Datos adjuntos de correo electrónico\\Documentos\\Proyecto de grado\\back\\src\\controllers\\admin.controller.ts": {"path":"C:\\Users\\deyne\\OneDrive\\Datos adjuntos de correo electrónico\\Documentos\\Proyecto de grado\\back\\src\\controllers\\admin.controller.ts","statementMap":{"0":{"start":{"line":2,"column":0},"end":{"line":2,"column":60}},"1":{"start":{"line":3,"column":0},"end":{"line":3,"column":72}},"2":{"start":{"line":4,"column":0},"end":{"line":4,"column":71}},"3":{"start":{"line":5,"column":0},"end":{"line":5,"column":64}},"4":{"start":{"line":6,"column":0},"end":{"line":6,"column":88}},"5":{"start":{"line":7,"column":0},"end":{"line":7,"column":63}},"6":{"start":{"line":8,"column":0},"end":{"line":8,"column":71}},"7":{"start":{"line":9,"column":0},"end":{"line":9,"column":90}},"8":{"start":{"line":11,"column":0},"end":{"line":11,"column":57}},"9":{"start":{"line":12,"column":0},"end":{"line":12,"column":62}},"10":{"start":{"line":16,"column":4},"end":{"line":44,"column":5}},"11":{"start":{"line":17,"column":45},"end":{"line":17,"column":53}},"12":{"start":{"line":18,"column":19},"end":{"line":18,"column":48}},"13":{"start":{"line":19,"column":23},"end":{"line":19,"column":60}},"14":{"start":{"line":20,"column":20},"end":{"line":20,"column":51}},"15":{"start":{"line":21,"column":18},"end":{"line":21,"column":45}},"16":{"start":{"line":22,"column":27},"end":{"line":22,"column":71}},"17":{"start":{"line":23,"column":23},"end":{"line":23,"column":60}},"18":{"start":{"line":24,"column":23},"end":{"line":31,"column":8}},"19":{"start":{"line":32,"column":6},"end":{"line":36,"column":7}},"20":{"start":{"line":33,"column":8},"end":{"line":33,"column":61}},"21":{"start":{"line":35,"column":8},"end":{"line":35,"column":65}},"22":{"start":{"line":38,"column":6},"end":{"line":38,"column":27}},"23":{"start":{"line":39,"column":6},"end":{"line":43,"column":7}},"24":{"start":{"line":40,"column":8},"end":{"line":40,"column":99}},"25":{"start":{"line":42,"column":8},"end":{"line":42,"column":119}},"26":{"start":{"line":14,"column":0},"end":{"line":14,"column":13}}},"fnMap":{"0":{"name":"(anonymous_7)","decl":{"start":{"line":15,"column":2},"end":{"line":15,"column":8}},"loc":{"start":{"line":15,"column":49},"end":{"line":45,"column":null}}}},"branchMap":{"0":{"loc":{"start":{"line":32,"column":6},"end":{"line":36,"column":7}},"type":"if","locations":[{"start":{"line":32,"column":6},"end":{"line":36,"column":7}},{"start":{"line":34,"column":13},"end":{"line":36,"column":7}}]},"1":{"loc":{"start":{"line":39,"column":6},"end":{"line":43,"column":7}},"type":"if","locations":[{"start":{"line":39,"column":6},"end":{"line":43,"column":7}},{"start":{"line":41,"column":13},"end":{"line":43,"column":7}}]},"2":{"loc":{"start":{"line":39,"column":10},"end":{"line":39,"column":88}},"type":"binary-expr","locations":[{"start":{"line":39,"column":10},"end":{"line":39,"column":47}},{"start":{"line":39,"column":51},"end":{"line":39,"column":88}}]}},"s":{"0":1,"1":1,"2":1,"3":1,"4":1,"5":1,"6":1,"7":1,"8":1,"9":1,"10":0,"11":0,"12":0,"13":0,"14":0,"15":0,"16":0,"17":0,"18":0,"19":0,"20":0,"21":0,"22":0,"23":0,"24":0,"25":0,"26":1},"f":{"0":0},"b":{"0":[0,0],"1":[0,0],"2":[0,0]}}
,"C:\\Users\\deyne\\OneDrive\\Datos adjuntos de correo electrónico\\Documentos\\Proyecto de grado\\back\\src\\controllers\\buyer.controller.ts": {"path":"C:\\Users\\deyne\\OneDrive\\Datos adjuntos de correo electrónico\\Documentos\\Proyecto de grado\\back\\src\\controllers\\buyer.controller.ts","statementMap":{"0":{"start":{"line":2,"column":0},"end":{"line":2,"column":60}},"1":{"start":{"line":3,"column":0},"end":{"line":3,"column":72}},"2":{"start":{"line":4,"column":0},"end":{"line":4,"column":71}},"3":{"start":{"line":5,"column":0},"end":{"line":5,"column":64}},"4":{"start":{"line":6,"column":0},"end":{"line":6,"column":88}},"5":{"start":{"line":8,"column":0},"end":{"line":8,"column":57}},"6":{"start":{"line":9,"column":0},"end":{"line":9,"column":63}},"7":{"start":{"line":10,"column":0},"end":{"line":10,"column":71}},"8":{"start":{"line":11,"column":0},"end":{"line":11,"column":90}},"9":{"start":{"line":12,"column":0},"end":{"line":12,"column":58}},"10":{"start":{"line":16,"column":4},"end":{"line":42,"column":5}},"11":{"start":{"line":17,"column":46},"end":{"line":17,"column":54}},"12":{"start":{"line":18,"column":19},"end":{"line":18,"column":49}},"13":{"start":{"line":19,"column":23},"end":{"line":19,"column":61}},"14":{"start":{"line":20,"column":20},"end":{"line":20,"column":52}},"15":{"start":{"line":21,"column":27},"end":{"line":21,"column":72}},"16":{"start":{"line":22,"column":23},"end":{"line":22,"column":61}},"17":{"start":{"line":23,"column":23},"end":{"line":29,"column":8}},"18":{"start":{"line":30,"column":6},"end":{"line":34,"column":7}},"19":{"start":{"line":31,"column":8},"end":{"line":31,"column":61}},"20":{"start":{"line":33,"column":8},"end":{"line":33,"column":65}},"21":{"start":{"line":36,"column":6},"end":{"line":36,"column":27}},"22":{"start":{"line":37,"column":6},"end":{"line":41,"column":7}},"23":{"start":{"line":38,"column":8},"end":{"line":38,"column":99}},"24":{"start":{"line":40,"column":8},"end":{"line":40,"column":119}},"25":{"start":{"line":46,"column":4},"end":{"line":58,"column":5}},"26":{"start":{"line":47,"column":24},"end":{"line":47,"column":38}},"27":{"start":{"line":48,"column":19},"end":{"line":48,"column":63}},"28":{"start":{"line":49,"column":23},"end":{"line":49,"column":54}},"29":{"start":{"line":50,"column":6},"end":{"line":54,"column":7}},"30":{"start":{"line":51,"column":8},"end":{"line":51,"column":56}},"31":{"start":{"line":53,"column":8},"end":{"line":53,"column":65}},"32":{"start":{"line":56,"column":6},"end":{"line":56,"column":25}},"33":{"start":{"line":57,"column":6},"end":{"line":57,"column":117}},"34":{"start":{"line":14,"column":0},"end":{"line":14,"column":13}}},"fnMap":{"0":{"name":"(anonymous_7)","decl":{"start":{"line":15,"column":2},"end":{"line":15,"column":8}},"loc":{"start":{"line":15,"column":49},"end":{"line":43,"column":null}}},"1":{"name":"(anonymous_9)","decl":{"start":{"line":45,"column":2},"end":{"line":45,"column":8}},"loc":{"start":{"line":45,"column":49},"end":{"line":59,"column":null}}}},"branchMap":{"0":{"loc":{"start":{"line":30,"column":6},"end":{"line":34,"column":7}},"type":"if","locations":[{"start":{"line":30,"column":6},"end":{"line":34,"column":7}},{"start":{"line":32,"column":13},"end":{"line":34,"column":7}}]},"1":{"loc":{"start":{"line":37,"column":6},"end":{"line":41,"column":7}},"type":"if","locations":[{"start":{"line":37,"column":6},"end":{"line":41,"column":7}},{"start":{"line":39,"column":13},"end":{"line":41,"column":7}}]},"2":{"loc":{"start":{"line":37,"column":10},"end":{"line":37,"column":88}},"type":"binary-expr","locations":[{"start":{"line":37,"column":10},"end":{"line":37,"column":47}},{"start":{"line":37,"column":51},"end":{"line":37,"column":88}}]},"3":{"loc":{"start":{"line":48,"column":28},"end":{"line":48,"column":62}},"type":"binary-expr","locations":[{"start":{"line":48,"column":28},"end":{"line":48,"column":57}},{"start":{"line":48,"column":61},"end":{"line":48,"column":62}}]},"4":{"loc":{"start":{"line":50,"column":6},"end":{"line":54,"column":7}},"type":"if","locations":[{"start":{"line":50,"column":6},"end":{"line":54,"column":7}},{"start":{"line":52,"column":13},"end":{"line":54,"column":7}}]}},"s":{"0":1,"1":1,"2":1,"3":1,"4":1,"5":1,"6":1,"7":1,"8":1,"9":1,"10":0,"11":0,"12":0,"13":0,"14":0,"15":0,"16":0,"17":0,"18":0,"19":0,"20":0,"21":0,"22":0,"23":0,"24":0,"25":0,"26":0,"27":0,"28":0,"29":0,"30":0,"31":0,"32":0,"33":0,"34":1},"f":{"0":0,"1":0},"b":{"0":[0,0],"1":[0,0],"2":[0,0],"3":[0,0],"4":[0,0]}}
,"C:\\Users\\deyne\\OneDrive\\Datos adjuntos de correo electrónico\\Documentos\\Proyecto de grado\\back\\src\\controllers\\category.controller.ts": {"path":"C:\\Users\\deyne\\OneDrive\\Datos adjuntos de correo electrónico\\Documentos\\Proyecto de grado\\back\\src\\controllers\\category.controller.ts","statementMap":{"0":{"start":{"line":2,"column":0},"end":{"line":2,"column":64}},"1":{"start":{"line":3,"column":0},"end":{"line":3,"column":63}},"2":{"start":{"line":7,"column":4},"end":{"line":17,"column":5}},"3":{"start":{"line":8,"column":23},"end":{"line":8,"column":53}},"4":{"start":{"line":9,"column":6},"end":{"line":13,"column":7}},"5":{"start":{"line":10,"column":8},"end":{"line":10,"column":56}},"6":{"start":{"line":12,"column":8},"end":{"line":12,"column":65}},"7":{"start":{"line":15,"column":6},"end":{"line":15,"column":25}},"8":{"start":{"line":16,"column":6},"end":{"line":16,"column":117}},"9":{"start":{"line":5,"column":0},"end":{"line":5,"column":13}}},"fnMap":{"0":{"name":"(anonymous_7)","decl":{"start":{"line":6,"column":2},"end":{"line":6,"column":8}},"loc":{"start":{"line":6,"column":49},"end":{"line":18,"column":null}}}},"branchMap":{"0":{"loc":{"start":{"line":9,"column":6},"end":{"line":13,"column":7}},"type":"if","locations":[{"start":{"line":9,"column":6},"end":{"line":13,"column":7}},{"start":{"line":11,"column":13},"end":{"line":13,"column":7}}]}},"s":{"0":1,"1":1,"2":0,"3":0,"4":0,"5":0,"6":0,"7":0,"8":0,"9":1},"f":{"0":0},"b":{"0":[0,0]}}
,"C:\\Users\\deyne\\OneDrive\\Datos adjuntos de correo electrónico\\Documentos\\Proyecto de grado\\back\\src\\controllers\\color.controller.ts": {"path":"C:\\Users\\deyne\\OneDrive\\Datos adjuntos de correo electrónico\\Documentos\\Proyecto de grado\\back\\src\\controllers\\color.controller.ts","statementMap":{"0":{"start":{"line":2,"column":0},"end":{"line":2,"column":64}},"1":{"start":{"line":3,"column":0},"end":{"line":3,"column":57}},"2":{"start":{"line":7,"column":4},"end":{"line":17,"column":5}},"3":{"start":{"line":8,"column":23},"end":{"line":8,"column":50}},"4":{"start":{"line":9,"column":6},"end":{"line":13,"column":7}},"5":{"start":{"line":10,"column":8},"end":{"line":10,"column":56}},"6":{"start":{"line":12,"column":8},"end":{"line":12,"column":65}},"7":{"start":{"line":15,"column":6},"end":{"line":15,"column":25}},"8":{"start":{"line":16,"column":6},"end":{"line":16,"column":117}},"9":{"start":{"line":5,"column":0},"end":{"line":5,"column":13}}},"fnMap":{"0":{"name":"(anonymous_7)","decl":{"start":{"line":6,"column":2},"end":{"line":6,"column":8}},"loc":{"start":{"line":6,"column":49},"end":{"line":18,"column":null}}}},"branchMap":{"0":{"loc":{"start":{"line":9,"column":6},"end":{"line":13,"column":7}},"type":"if","locations":[{"start":{"line":9,"column":6},"end":{"line":13,"column":7}},{"start":{"line":11,"column":13},"end":{"line":13,"column":7}}]}},"s":{"0":1,"1":1,"2":0,"3":0,"4":0,"5":0,"6":0,"7":0,"8":0,"9":1},"f":{"0":0},"b":{"0":[0,0]}}
,"C:\\Users\\deyne\\OneDrive\\Datos adjuntos de correo electrónico\\Documentos\\Proyecto de grado\\back\\src\\controllers\\image.controller.ts": {"path":"C:\\Users\\deyne\\OneDrive\\Datos adjuntos de correo electrónico\\Documentos\\Proyecto de grado\\back\\src\\controllers\\image.controller.ts","statementMap":{"0":{"start":{"line":2,"column":0},"end":{"line":2,"column":64}},"1":{"start":{"line":3,"column":0},"end":{"line":3,"column":57}},"2":{"start":{"line":4,"column":0},"end":{"line":4,"column":58}},"3":{"start":{"line":5,"column":0},"end":{"line":5,"column":70}},"4":{"start":{"line":6,"column":0},"end":{"line":6,"column":82}},"5":{"start":{"line":7,"column":0},"end":{"line":7,"column":67}},"6":{"start":{"line":8,"column":0},"end":{"line":8,"column":71}},"7":{"start":{"line":12,"column":4},"end":{"line":33,"column":5}},"8":{"start":{"line":13,"column":27},"end":{"line":13,"column":58}},"9":{"start":{"line":14,"column":21},"end":{"line":14,"column":55}},"10":{"start":{"line":15,"column":23},"end":{"line":15,"column":76}},"11":{"start":{"line":16,"column":23},"end":{"line":16,"column":118}},"12":{"start":{"line":17,"column":6},"end":{"line":26,"column":7}},"13":{"start":{"line":18,"column":8},"end":{"line":18,"column":56}},"14":{"start":{"line":20,"column":23},"end":{"line":20,"column":89}},"15":{"start":{"line":21,"column":8},"end":{"line":23,"column":9}},"16":{"start":{"line":22,"column":10},"end":{"line":22,"column":73}},"17":{"start":{"line":25,"column":8},"end":{"line":25,"column":65}},"18":{"start":{"line":28,"column":6},"end":{"line":32,"column":7}},"19":{"start":{"line":29,"column":8},"end":{"line":29,"column":99}},"20":{"start":{"line":31,"column":8},"end":{"line":31,"column":119}},"21":{"start":{"line":37,"column":4},"end":{"line":48,"column":5}},"22":{"start":{"line":38,"column":27},"end":{"line":38,"column":59}},"23":{"start":{"line":39,"column":23},"end":{"line":39,"column":86}},"24":{"start":{"line":40,"column":6},"end":{"line":44,"column":7}},"25":{"start":{"line":41,"column":8},"end":{"line":41,"column":56}},"26":{"start":{"line":43,"column":8},"end":{"line":43,"column":65}},"27":{"start":{"line":46,"column":6},"end":{"line":46,"column":25}},"28":{"start":{"line":47,"column":6},"end":{"line":47,"column":117}},"29":{"start":{"line":52,"column":4},"end":{"line":63,"column":5}},"30":{"start":{"line":53,"column":23},"end":{"line":53,"column":62}},"31":{"start":{"line":54,"column":23},"end":{"line":54,"column":69}},"32":{"start":{"line":55,"column":6},"end":{"line":59,"column":7}},"33":{"start":{"line":56,"column":8},"end":{"line":56,"column":56}},"34":{"start":{"line":58,"column":8},"end":{"line":58,"column":65}},"35":{"start":{"line":61,"column":6},"end":{"line":61,"column":25}},"36":{"start":{"line":62,"column":6},"end":{"line":62,"column":117}},"37":{"start":{"line":10,"column":0},"end":{"line":10,"column":13}}},"fnMap":{"0":{"name":"(anonymous_7)","decl":{"start":{"line":11,"column":2},"end":{"line":11,"column":8}},"loc":{"start":{"line":11,"column":49},"end":{"line":34,"column":null}}},"1":{"name":"(anonymous_9)","decl":{"start":{"line":36,"column":2},"end":{"line":36,"column":8}},"loc":{"start":{"line":36,"column":62},"end":{"line":49,"column":null}}},"2":{"name":"(anonymous_11)","decl":{"start":{"line":51,"column":2},"end":{"line":51,"column":8}},"loc":{"start":{"line":51,"column":49},"end":{"line":64,"column":null}}}},"branchMap":{"0":{"loc":{"start":{"line":17,"column":6},"end":{"line":26,"column":7}},"type":"if","locations":[{"start":{"line":17,"column":6},"end":{"line":26,"column":7}},{"start":{"line":19,"column":13},"end":{"line":26,"column":7}}]},"1":{"loc":{"start":{"line":21,"column":8},"end":{"line":23,"column":9}},"type":"if","locations":[{"start":{"line":21,"column":8},"end":{"line":23,"column":9}}]},"2":{"loc":{"start":{"line":21,"column":12},"end":{"line":21,"column":31}},"type":"cond-expr","locations":[{"start":{"line":21,"column":23},"end":{"line":21,"column":25}},{"start":{"line":21,"column":23},"end":{"line":21,"column":31}}]},"3":{"loc":{"start":{"line":21,"column":12},"end":{"line":21,"column":25}},"type":"binary-expr","locations":[{"start":{"line":21,"column":12},"end":{"line":21,"column":25}},{"start":{"line":21,"column":23},"end":{"line":21,"column":25}}]},"4":{"loc":{"start":{"line":28,"column":6},"end":{"line":32,"column":7}},"type":"if","locations":[{"start":{"line":28,"column":6},"end":{"line":32,"column":7}},{"start":{"line":30,"column":13},"end":{"line":32,"column":7}}]},"5":{"loc":{"start":{"line":40,"column":6},"end":{"line":44,"column":7}},"type":"if","locations":[{"start":{"line":40,"column":6},"end":{"line":44,"column":7}},{"start":{"line":42,"column":13},"end":{"line":44,"column":7}}]},"6":{"loc":{"start":{"line":55,"column":6},"end":{"line":59,"column":7}},"type":"if","locations":[{"start":{"line":55,"column":6},"end":{"line":59,"column":7}},{"start":{"line":57,"column":13},"end":{"line":59,"column":7}}]}},"s":{"0":1,"1":1,"2":1,"3":1,"4":1,"5":1,"6":1,"7":0,"8":0,"9":0,"10":0,"11":0,"12":0,"13":0,"14":0,"15":0,"16":0,"17":0,"18":0,"19":0,"20":0,"21":0,"22":0,"23":0,"24":0,"25":0,"26":0,"27":0,"28":0,"29":0,"30":0,"31":0,"32":0,"33":0,"34":0,"35":0,"36":0,"37":1},"f":{"0":0,"1":0,"2":0},"b":{"0":[0,0],"1":[0],"2":[0,0],"3":[0,0],"4":[0,0],"5":[0,0],"6":[0,0]}}
,"C:\\Users\\deyne\\OneDrive\\Datos adjuntos de correo electrónico\\Documentos\\Proyecto de grado\\back\\src\\controllers\\material.controller.ts": {"path":"C:\\Users\\deyne\\OneDrive\\Datos adjuntos de correo electrónico\\Documentos\\Proyecto de grado\\back\\src\\controllers\\material.controller.ts","statementMap":{"0":{"start":{"line":2,"column":0},"end":{"line":2,"column":64}},"1":{"start":{"line":3,"column":0},"end":{"line":3,"column":63}},"2":{"start":{"line":7,"column":4},"end":{"line":17,"column":5}},"3":{"start":{"line":8,"column":23},"end":{"line":8,"column":53}},"4":{"start":{"line":9,"column":6},"end":{"line":13,"column":7}},"5":{"start":{"line":10,"column":8},"end":{"line":10,"column":56}},"6":{"start":{"line":12,"column":8},"end":{"line":12,"column":65}},"7":{"start":{"line":15,"column":6},"end":{"line":15,"column":25}},"8":{"start":{"line":16,"column":6},"end":{"line":16,"column":117}},"9":{"start":{"line":5,"column":0},"end":{"line":5,"column":13}}},"fnMap":{"0":{"name":"(anonymous_7)","decl":{"start":{"line":6,"column":2},"end":{"line":6,"column":8}},"loc":{"start":{"line":6,"column":49},"end":{"line":18,"column":null}}}},"branchMap":{"0":{"loc":{"start":{"line":9,"column":6},"end":{"line":13,"column":7}},"type":"if","locations":[{"start":{"line":9,"column":6},"end":{"line":13,"column":7}},{"start":{"line":11,"column":13},"end":{"line":13,"column":7}}]}},"s":{"0":1,"1":1,"2":0,"3":0,"4":0,"5":0,"6":0,"7":0,"8":0,"9":1},"f":{"0":0},"b":{"0":[0,0]}}
,"C:\\Users\\deyne\\OneDrive\\Datos adjuntos de correo electrónico\\Documentos\\Proyecto de grado\\back\\src\\controllers\\mp.controller.ts": {"path":"C:\\Users\\deyne\\OneDrive\\Datos adjuntos de correo electrónico\\Documentos\\Proyecto de grado\\back\\src\\controllers\\mp.controller.ts","statementMap":{"0":{"start":{"line":2,"column":0},"end":{"line":2,"column":51}},"1":{"start":{"line":3,"column":0},"end":{"line":3,"column":82}},"2":{"start":{"line":4,"column":0},"end":{"line":4,"column":64}},"3":{"start":{"line":6,"column":0},"end":{"line":6,"column":80}},"4":{"start":{"line":7,"column":0},"end":{"line":7,"column":58}},"5":{"start":{"line":8,"column":0},"end":{"line":8,"column":71}},"6":{"start":{"line":9,"column":0},"end":{"line":9,"column":57}},"7":{"start":{"line":10,"column":0},"end":{"line":10,"column":57}},"8":{"start":{"line":11,"column":0},"end":{"line":11,"column":66}},"9":{"start":{"line":17,"column":4},"end":{"line":43,"column":5}},"10":{"start":{"line":18,"column":26},"end":{"line":18,"column":33}},"11":{"start":{"line":19,"column":24},"end":{"line":19,"column":70}},"12":{"start":{"line":20,"column":19},"end":{"line":20,"column":40}},"13":{"start":{"line":21,"column":24},"end":{"line":21,"column":46}},"14":{"start":{"line":22,"column":6},"end":{"line":26,"column":7}},"15":{"start":{"line":23,"column":8},"end":{"line":25,"column":10}},"16":{"start":{"line":29,"column":19},"end":{"line":29,"column":73}},"17":{"start":{"line":30,"column":23},"end":{"line":30,"column":73}},"18":{"start":{"line":31,"column":6},"end":{"line":35,"column":7}},"19":{"start":{"line":32,"column":8},"end":{"line":32,"column":56}},"20":{"start":{"line":34,"column":8},"end":{"line":34,"column":65}},"21":{"start":{"line":37,"column":6},"end":{"line":37,"column":25}},"22":{"start":{"line":38,"column":6},"end":{"line":42,"column":7}},"23":{"start":{"line":39,"column":8},"end":{"line":39,"column":99}},"24":{"start":{"line":41,"column":8},"end":{"line":41,"column":119}},"25":{"start":{"line":47,"column":4},"end":{"line":79,"column":5}},"26":{"start":{"line":48,"column":55},"end":{"line":48,"column":63}},"27":{"start":{"line":49,"column":27},"end":{"line":49,"column":69}},"28":{"start":{"line":50,"column":24},"end":{"line":50,"column":63}},"29":{"start":{"line":51,"column":25},"end":{"line":51,"column":70}},"30":{"start":{"line":52,"column":23},"end":{"line":52,"column":65}},"31":{"start":{"line":53,"column":29},"end":{"line":53,"column":101}},"32":{"start":{"line":54,"column":6},"end":{"line":54,"column":86}},"33":{"start":{"line":54,"column":35},"end":{"line":54,"column":86}},"34":{"start":{"line":56,"column":24},"end":{"line":61,"column":8}},"35":{"start":{"line":64,"column":19},"end":{"line":64,"column":73}},"36":{"start":{"line":65,"column":6},"end":{"line":65,"column":113}},"37":{"start":{"line":66,"column":23},"end":{"line":66,"column":107}},"38":{"start":{"line":67,"column":6},"end":{"line":71,"column":7}},"39":{"start":{"line":68,"column":8},"end":{"line":68,"column":56}},"40":{"start":{"line":70,"column":8},"end":{"line":70,"column":65}},"41":{"start":{"line":73,"column":6},"end":{"line":73,"column":25}},"42":{"start":{"line":74,"column":6},"end":{"line":78,"column":7}},"43":{"start":{"line":75,"column":8},"end":{"line":75,"column":99}},"44":{"start":{"line":77,"column":8},"end":{"line":77,"column":119}},"45":{"start":{"line":83,"column":4},"end":{"line":104,"column":5}},"46":{"start":{"line":84,"column":27},"end":{"line":84,"column":63}},"47":{"start":{"line":85,"column":22},"end":{"line":85,"column":117}},"48":{"start":{"line":86,"column":6},"end":{"line":98,"column":7}},"49":{"start":{"line":87,"column":22},"end":{"line":95,"column":10}},"50":{"start":{"line":97,"column":8},"end":{"line":97,"column":46}},"51":{"start":{"line":100,"column":6},"end":{"line":100,"column":93}},"52":{"start":{"line":102,"column":6},"end":{"line":102,"column":25}},"53":{"start":{"line":103,"column":6},"end":{"line":103,"column":117}},"54":{"start":{"line":13,"column":0},"end":{"line":13,"column":13}}},"fnMap":{"0":{"name":"(anonymous_13)","decl":{"start":{"line":16,"column":2},"end":{"line":16,"column":8}},"loc":{"start":{"line":16,"column":68},"end":{"line":44,"column":null}}},"1":{"name":"(anonymous_15)","decl":{"start":{"line":46,"column":2},"end":{"line":46,"column":8}},"loc":{"start":{"line":46,"column":59},"end":{"line":80,"column":null}}},"2":{"name":"(anonymous_17)","decl":{"start":{"line":82,"column":2},"end":{"line":82,"column":8}},"loc":{"start":{"line":82,"column":55},"end":{"line":105,"column":null}}}},"branchMap":{"0":{"loc":{"start":{"line":22,"column":6},"end":{"line":26,"column":7}},"type":"if","locations":[{"start":{"line":22,"column":6},"end":{"line":26,"column":7}}]},"1":{"loc":{"start":{"line":22,"column":10},"end":{"line":22,"column":29}},"type":"binary-expr","locations":[{"start":{"line":22,"column":10},"end":{"line":22,"column":15}},{"start":{"line":22,"column":19},"end":{"line":22,"column":29}}]},"2":{"loc":{"start":{"line":31,"column":6},"end":{"line":35,"column":7}},"type":"if","locations":[{"start":{"line":31,"column":6},"end":{"line":35,"column":7}},{"start":{"line":33,"column":13},"end":{"line":35,"column":7}}]},"3":{"loc":{"start":{"line":38,"column":6},"end":{"line":42,"column":7}},"type":"if","locations":[{"start":{"line":38,"column":6},"end":{"line":42,"column":7}},{"start":{"line":40,"column":13},"end":{"line":42,"column":7}}]},"4":{"loc":{"start":{"line":54,"column":6},"end":{"line":54,"column":86}},"type":"if","locations":[{"start":{"line":54,"column":6},"end":{"line":54,"column":86}}]},"5":{"loc":{"start":{"line":67,"column":6},"end":{"line":71,"column":7}},"type":"if","locations":[{"start":{"line":67,"column":6},"end":{"line":71,"column":7}},{"start":{"line":69,"column":13},"end":{"line":71,"column":7}}]},"6":{"loc":{"start":{"line":74,"column":6},"end":{"line":78,"column":7}},"type":"if","locations":[{"start":{"line":74,"column":6},"end":{"line":78,"column":7}},{"start":{"line":76,"column":13},"end":{"line":78,"column":7}}]},"7":{"loc":{"start":{"line":85,"column":55},"end":{"line":85,"column":79}},"type":"cond-expr","locations":[{"start":{"line":85,"column":66},"end":{"line":85,"column":68}},{"start":{"line":85,"column":66},"end":{"line":85,"column":79}}]},"8":{"loc":{"start":{"line":85,"column":55},"end":{"line":85,"column":68}},"type":"binary-expr","locations":[{"start":{"line":85,"column":55},"end":{"line":85,"column":68}},{"start":{"line":85,"column":66},"end":{"line":85,"column":68}}]},"9":{"loc":{"start":{"line":85,"column":93},"end":{"line":85,"column":114}},"type":"cond-expr","locations":[{"start":{"line":85,"column":110},"end":{"line":85,"column":112}},{"start":{"line":85,"column":110},"end":{"line":85,"column":114}}]},"10":{"loc":{"start":{"line":85,"column":93},"end":{"line":85,"column":112}},"type":"binary-expr","locations":[{"start":{"line":85,"column":93},"end":{"line":85,"column":112}},{"start":{"line":85,"column":110},"end":{"line":85,"column":112}}]},"11":{"loc":{"start":{"line":86,"column":6},"end":{"line":98,"column":7}},"type":"if","locations":[{"start":{"line":86,"column":6},"end":{"line":98,"column":7}}]},"12":{"loc":{"start":{"line":86,"column":10},"end":{"line":86,"column":50}},"type":"binary-expr","locations":[{"start":{"line":86,"column":10},"end":{"line":86,"column":17}},{"start":{"line":86,"column":21},"end":{"line":86,"column":50}}]}},"s":{"0":1,"1":1,"2":1,"3":1,"4":1,"5":1,"6":1,"7":1,"8":1,"9":0,"10":0,"11":0,"12":0,"13":0,"14":0,"15":0,"16":0,"17":0,"18":0,"19":0,"20":0,"21":0,"22":0,"23":0,"24":0,"25":0,"26":0,"27":0,"28":0,"29":0,"30":0,"31":0,"32":0,"33":0,"34":0,"35":0,"36":0,"37":0,"38":0,"39":0,"40":0,"41":0,"42":0,"43":0,"44":0,"45":0,"46":0,"47":0,"48":0,"49":0,"50":0,"51":0,"52":0,"53":0,"54":1},"f":{"0":0,"1":0,"2":0},"b":{"0":[0],"1":[0,0],"2":[0,0],"3":[0,0],"4":[0],"5":[0,0],"6":[0,0],"7":[0,0],"8":[0,0],"9":[0,0],"10":[0,0],"11":[0],"12":[0,0]}}
,"C:\\Users\\deyne\\OneDrive\\Datos adjuntos de correo electrónico\\Documentos\\Proyecto de grado\\back\\src\\controllers\\neighborhood.controller.ts": {"path":"C:\\Users\\deyne\\OneDrive\\Datos adjuntos de correo electrónico\\Documentos\\Proyecto de grado\\back\\src\\controllers\\neighborhood.controller.ts","statementMap":{"0":{"start":{"line":2,"column":0},"end":{"line":2,"column":64}},"1":{"start":{"line":3,"column":0},"end":{"line":3,"column":71}},"2":{"start":{"line":7,"column":4},"end":{"line":17,"column":5}},"3":{"start":{"line":8,"column":23},"end":{"line":8,"column":57}},"4":{"start":{"line":9,"column":6},"end":{"line":13,"column":7}},"5":{"start":{"line":10,"column":8},"end":{"line":10,"column":56}},"6":{"start":{"line":12,"column":8},"end":{"line":12,"column":65}},"7":{"start":{"line":15,"column":6},"end":{"line":15,"column":25}},"8":{"start":{"line":16,"column":6},"end":{"line":16,"column":117}},"9":{"start":{"line":5,"column":0},"end":{"line":5,"column":13}}},"fnMap":{"0":{"name":"(anonymous_7)","decl":{"start":{"line":6,"column":2},"end":{"line":6,"column":8}},"loc":{"start":{"line":6,"column":49},"end":{"line":18,"column":null}}}},"branchMap":{"0":{"loc":{"start":{"line":9,"column":6},"end":{"line":13,"column":7}},"type":"if","locations":[{"start":{"line":9,"column":6},"end":{"line":13,"column":7}},{"start":{"line":11,"column":13},"end":{"line":13,"column":7}}]}},"s":{"0":1,"1":1,"2":0,"3":0,"4":0,"5":0,"6":0,"7":0,"8":0,"9":1},"f":{"0":0},"b":{"0":[0,0]}}
,"C:\\Users\\deyne\\OneDrive\\Datos adjuntos de correo electrónico\\Documentos\\Proyecto de grado\\back\\src\\controllers\\order.controller.ts": {"path":"C:\\Users\\deyne\\OneDrive\\Datos adjuntos de correo electrónico\\Documentos\\Proyecto de grado\\back\\src\\controllers\\order.controller.ts","statementMap":{"0":{"start":{"line":2,"column":0},"end":{"line":2,"column":64}},"1":{"start":{"line":3,"column":0},"end":{"line":3,"column":59}},"2":{"start":{"line":4,"column":0},"end":{"line":4,"column":58}},"3":{"start":{"line":5,"column":0},"end":{"line":5,"column":88}},"4":{"start":{"line":6,"column":0},"end":{"line":6,"column":90}},"5":{"start":{"line":10,"column":4},"end":{"line":25,"column":5}},"6":{"start":{"line":11,"column":24},"end":{"line":11,"column":54}},"7":{"start":{"line":12,"column":23},"end":{"line":12,"column":76}},"8":{"start":{"line":13,"column":6},"end":{"line":17,"column":7}},"9":{"start":{"line":14,"column":8},"end":{"line":14,"column":56}},"10":{"start":{"line":16,"column":8},"end":{"line":16,"column":65}},"11":{"start":{"line":19,"column":6},"end":{"line":19,"column":25}},"12":{"start":{"line":20,"column":6},"end":{"line":24,"column":7}},"13":{"start":{"line":21,"column":8},"end":{"line":21,"column":99}},"14":{"start":{"line":23,"column":8},"end":{"line":23,"column":119}},"15":{"start":{"line":29,"column":4},"end":{"line":44,"column":5}},"16":{"start":{"line":30,"column":24},"end":{"line":30,"column":55}},"17":{"start":{"line":31,"column":23},"end":{"line":31,"column":77}},"18":{"start":{"line":32,"column":6},"end":{"line":36,"column":7}},"19":{"start":{"line":33,"column":8},"end":{"line":33,"column":56}},"20":{"start":{"line":35,"column":8},"end":{"line":35,"column":65}},"21":{"start":{"line":38,"column":6},"end":{"line":38,"column":25}},"22":{"start":{"line":39,"column":6},"end":{"line":43,"column":7}},"23":{"start":{"line":40,"column":8},"end":{"line":40,"column":99}},"24":{"start":{"line":42,"column":8},"end":{"line":42,"column":119}},"25":{"start":{"line":8,"column":0},"end":{"line":8,"column":13}}},"fnMap":{"0":{"name":"(anonymous_7)","decl":{"start":{"line":9,"column":2},"end":{"line":9,"column":8}},"loc":{"start":{"line":9,"column":55},"end":{"line":26,"column":null}}},"1":{"name":"(anonymous_9)","decl":{"start":{"line":28,"column":2},"end":{"line":28,"column":8}},"loc":{"start":{"line":28,"column":56},"end":{"line":45,"column":null}}}},"branchMap":{"0":{"loc":{"start":{"line":13,"column":6},"end":{"line":17,"column":7}},"type":"if","locations":[{"start":{"line":13,"column":6},"end":{"line":17,"column":7}},{"start":{"line":15,"column":13},"end":{"line":17,"column":7}}]},"1":{"loc":{"start":{"line":20,"column":6},"end":{"line":24,"column":7}},"type":"if","locations":[{"start":{"line":20,"column":6},"end":{"line":24,"column":7}},{"start":{"line":22,"column":13},"end":{"line":24,"column":7}}]},"2":{"loc":{"start":{"line":20,"column":10},"end":{"line":20,"column":88}},"type":"binary-expr","locations":[{"start":{"line":20,"column":10},"end":{"line":20,"column":47}},{"start":{"line":20,"column":51},"end":{"line":20,"column":88}}]},"3":{"loc":{"start":{"line":32,"column":6},"end":{"line":36,"column":7}},"type":"if","locations":[{"start":{"line":32,"column":6},"end":{"line":36,"column":7}},{"start":{"line":34,"column":13},"end":{"line":36,"column":7}}]},"4":{"loc":{"start":{"line":39,"column":6},"end":{"line":43,"column":7}},"type":"if","locations":[{"start":{"line":39,"column":6},"end":{"line":43,"column":7}},{"start":{"line":41,"column":13},"end":{"line":43,"column":7}}]},"5":{"loc":{"start":{"line":39,"column":10},"end":{"line":39,"column":88}},"type":"binary-expr","locations":[{"start":{"line":39,"column":10},"end":{"line":39,"column":47}},{"start":{"line":39,"column":51},"end":{"line":39,"column":88}}]}},"s":{"0":1,"1":1,"2":1,"3":1,"4":1,"5":0,"6":0,"7":0,"8":0,"9":0,"10":0,"11":0,"12":0,"13":0,"14":0,"15":0,"16":0,"17":0,"18":0,"19":0,"20":0,"21":0,"22":0,"23":0,"24":0,"25":1},"f":{"0":0,"1":0},"b":{"0":[0,0],"1":[0,0],"2":[0,0],"3":[0,0],"4":[0,0],"5":[0,0]}}
,"C:\\Users\\deyne\\OneDrive\\Datos adjuntos de correo electrónico\\Documentos\\Proyecto de grado\\back\\src\\controllers\\product.controller.ts": {"path":"C:\\Users\\deyne\\OneDrive\\Datos adjuntos de correo electrónico\\Documentos\\Proyecto de grado\\back\\src\\controllers\\product.controller.ts","statementMap":{"0":{"start":{"line":2,"column":0},"end":{"line":2,"column":64}},"1":{"start":{"line":3,"column":0},"end":{"line":3,"column":88}},"2":{"start":{"line":4,"column":0},"end":{"line":4,"column":90}},"3":{"start":{"line":5,"column":0},"end":{"line":5,"column":68}},"4":{"start":{"line":6,"column":0},"end":{"line":6,"column":78}},"5":{"start":{"line":7,"column":0},"end":{"line":7,"column":80}},"6":{"start":{"line":8,"column":0},"end":{"line":8,"column":58}},"7":{"start":{"line":10,"column":0},"end":{"line":10,"column":70}},"8":{"start":{"line":11,"column":0},"end":{"line":11,"column":78}},"9":{"start":{"line":12,"column":0},"end":{"line":12,"column":64}},"10":{"start":{"line":13,"column":0},"end":{"line":13,"column":72}},"11":{"start":{"line":14,"column":0},"end":{"line":14,"column":64}},"12":{"start":{"line":15,"column":0},"end":{"line":15,"column":68}},"13":{"start":{"line":16,"column":0},"end":{"line":16,"column":82}},"14":{"start":{"line":17,"column":0},"end":{"line":17,"column":61}},"15":{"start":{"line":19,"column":0},"end":{"line":19,"column":58}},"16":{"start":{"line":20,"column":0},"end":{"line":20,"column":80}},"17":{"start":{"line":26,"column":4},"end":{"line":62,"column":5}},"18":{"start":{"line":27,"column":49},"end":{"line":27,"column":57}},"19":{"start":{"line":28,"column":26},"end":{"line":28,"column":70}},"20":{"start":{"line":29,"column":26},"end":{"line":29,"column":64}},"21":{"start":{"line":30,"column":19},"end":{"line":30,"column":57}},"22":{"start":{"line":31,"column":20},"end":{"line":31,"column":53}},"23":{"start":{"line":32,"column":26},"end":{"line":34,"column":19}},"24":{"start":{"line":35,"column":6},"end":{"line":35,"column":51}},"25":{"start":{"line":36,"column":6},"end":{"line":36,"column":59}},"26":{"start":{"line":37,"column":6},"end":{"line":37,"column":53}},"27":{"start":{"line":38,"column":6},"end":{"line":38,"column":87}},"28":{"start":{"line":39,"column":6},"end":{"line":39,"column":87}},"29":{"start":{"line":40,"column":6},"end":{"line":40,"column":48}},"30":{"start":{"line":41,"column":6},"end":{"line":41,"column":55}},"31":{"start":{"line":42,"column":23},"end":{"line":49,"column":8}},"32":{"start":{"line":50,"column":6},"end":{"line":54,"column":7}},"33":{"start":{"line":51,"column":8},"end":{"line":51,"column":61}},"34":{"start":{"line":53,"column":8},"end":{"line":53,"column":65}},"35":{"start":{"line":56,"column":6},"end":{"line":56,"column":27}},"36":{"start":{"line":57,"column":6},"end":{"line":61,"column":7}},"37":{"start":{"line":58,"column":8},"end":{"line":58,"column":99}},"38":{"start":{"line":60,"column":8},"end":{"line":60,"column":119}},"39":{"start":{"line":66,"column":4},"end":{"line":77,"column":5}},"40":{"start":{"line":67,"column":27},"end":{"line":67,"column":59}},"41":{"start":{"line":68,"column":23},"end":{"line":68,"column":74}},"42":{"start":{"line":69,"column":6},"end":{"line":73,"column":7}},"43":{"start":{"line":70,"column":8},"end":{"line":70,"column":56}},"44":{"start":{"line":72,"column":8},"end":{"line":72,"column":65}},"45":{"start":{"line":75,"column":6},"end":{"line":75,"column":27}},"46":{"start":{"line":76,"column":6},"end":{"line":76,"column":117}},"47":{"start":{"line":81,"column":4},"end":{"line":113,"column":5}},"48":{"start":{"line":82,"column":44},"end":{"line":82,"column":52}},"49":{"start":{"line":83,"column":27},"end":{"line":83,"column":60}},"50":{"start":{"line":84,"column":22},"end":{"line":84,"column":52}},"51":{"start":{"line":85,"column":26},"end":{"line":85,"column":64}},"52":{"start":{"line":86,"column":23},"end":{"line":86,"column":55}},"53":{"start":{"line":87,"column":18},"end":{"line":87,"column":76}},"54":{"start":{"line":88,"column":18},"end":{"line":88,"column":76}},"55":{"start":{"line":89,"column":20},"end":{"line":89,"column":47}},"56":{"start":{"line":90,"column":20},"end":{"line":90,"column":54}},"57":{"start":{"line":91,"column":23},"end":{"line":100,"column":8}},"58":{"start":{"line":101,"column":6},"end":{"line":105,"column":7}},"59":{"start":{"line":102,"column":8},"end":{"line":102,"column":61}},"60":{"start":{"line":104,"column":8},"end":{"line":104,"column":65}},"61":{"start":{"line":107,"column":6},"end":{"line":107,"column":27}},"62":{"start":{"line":108,"column":6},"end":{"line":112,"column":7}},"63":{"start":{"line":109,"column":8},"end":{"line":109,"column":99}},"64":{"start":{"line":111,"column":8},"end":{"line":111,"column":119}},"65":{"start":{"line":117,"column":4},"end":{"line":135,"column":5}},"66":{"start":{"line":118,"column":27},"end":{"line":118,"column":57}},"67":{"start":{"line":119,"column":23},"end":{"line":122,"column":8}},"68":{"start":{"line":123,"column":6},"end":{"line":127,"column":7}},"69":{"start":{"line":124,"column":8},"end":{"line":124,"column":61}},"70":{"start":{"line":126,"column":8},"end":{"line":126,"column":65}},"71":{"start":{"line":129,"column":6},"end":{"line":129,"column":27}},"72":{"start":{"line":130,"column":6},"end":{"line":134,"column":7}},"73":{"start":{"line":131,"column":8},"end":{"line":131,"column":99}},"74":{"start":{"line":133,"column":8},"end":{"line":133,"column":119}},"75":{"start":{"line":139,"column":4},"end":{"line":155,"column":5}},"76":{"start":{"line":140,"column":24},"end":{"line":140,"column":38}},"77":{"start":{"line":141,"column":19},"end":{"line":141,"column":63}},"78":{"start":{"line":142,"column":23},"end":{"line":142,"column":56}},"79":{"start":{"line":143,"column":6},"end":{"line":147,"column":7}},"80":{"start":{"line":144,"column":8},"end":{"line":144,"column":56}},"81":{"start":{"line":146,"column":8},"end":{"line":146,"column":65}},"82":{"start":{"line":149,"column":6},"end":{"line":149,"column":27}},"83":{"start":{"line":150,"column":6},"end":{"line":154,"column":7}},"84":{"start":{"line":151,"column":8},"end":{"line":151,"column":99}},"85":{"start":{"line":153,"column":8},"end":{"line":153,"column":119}},"86":{"start":{"line":159,"column":4},"end":{"line":176,"column":5}},"87":{"start":{"line":160,"column":24},"end":{"line":160,"column":38}},"88":{"start":{"line":161,"column":19},"end":{"line":161,"column":63}},"89":{"start":{"line":162,"column":26},"end":{"line":162,"column":57}},"90":{"start":{"line":163,"column":23},"end":{"line":163,"column":92}},"91":{"start":{"line":164,"column":6},"end":{"line":168,"column":7}},"92":{"start":{"line":165,"column":8},"end":{"line":165,"column":56}},"93":{"start":{"line":167,"column":8},"end":{"line":167,"column":65}},"94":{"start":{"line":170,"column":6},"end":{"line":170,"column":27}},"95":{"start":{"line":171,"column":6},"end":{"line":175,"column":7}},"96":{"start":{"line":172,"column":8},"end":{"line":172,"column":99}},"97":{"start":{"line":174,"column":8},"end":{"line":174,"column":119}},"98":{"start":{"line":180,"column":4},"end":{"line":197,"column":5}},"99":{"start":{"line":181,"column":26},"end":{"line":181,"column":73}},"100":{"start":{"line":182,"column":24},"end":{"line":182,"column":38}},"101":{"start":{"line":183,"column":19},"end":{"line":183,"column":63}},"102":{"start":{"line":184,"column":23},"end":{"line":184,"column":92}},"103":{"start":{"line":185,"column":6},"end":{"line":189,"column":7}},"104":{"start":{"line":186,"column":8},"end":{"line":186,"column":56}},"105":{"start":{"line":188,"column":8},"end":{"line":188,"column":65}},"106":{"start":{"line":191,"column":6},"end":{"line":191,"column":27}},"107":{"start":{"line":192,"column":6},"end":{"line":196,"column":7}},"108":{"start":{"line":193,"column":8},"end":{"line":193,"column":99}},"109":{"start":{"line":195,"column":8},"end":{"line":195,"column":119}},"110":{"start":{"line":201,"column":4},"end":{"line":218,"column":5}},"111":{"start":{"line":202,"column":26},"end":{"line":202,"column":73}},"112":{"start":{"line":203,"column":24},"end":{"line":203,"column":38}},"113":{"start":{"line":204,"column":19},"end":{"line":204,"column":63}},"114":{"start":{"line":205,"column":23},"end":{"line":205,"column":92}},"115":{"start":{"line":206,"column":6},"end":{"line":210,"column":7}},"116":{"start":{"line":207,"column":8},"end":{"line":207,"column":56}},"117":{"start":{"line":209,"column":8},"end":{"line":209,"column":65}},"118":{"start":{"line":212,"column":6},"end":{"line":212,"column":27}},"119":{"start":{"line":213,"column":6},"end":{"line":217,"column":7}},"120":{"start":{"line":214,"column":8},"end":{"line":214,"column":99}},"121":{"start":{"line":216,"column":8},"end":{"line":216,"column":119}},"122":{"start":{"line":222,"column":4},"end":{"line":239,"column":5}},"123":{"start":{"line":223,"column":23},"end":{"line":223,"column":64}},"124":{"start":{"line":224,"column":24},"end":{"line":224,"column":38}},"125":{"start":{"line":225,"column":19},"end":{"line":225,"column":63}},"126":{"start":{"line":226,"column":23},"end":{"line":226,"column":86}},"127":{"start":{"line":227,"column":6},"end":{"line":231,"column":7}},"128":{"start":{"line":228,"column":8},"end":{"line":228,"column":56}},"129":{"start":{"line":230,"column":8},"end":{"line":230,"column":65}},"130":{"start":{"line":233,"column":6},"end":{"line":233,"column":27}},"131":{"start":{"line":234,"column":6},"end":{"line":238,"column":7}},"132":{"start":{"line":235,"column":8},"end":{"line":235,"column":99}},"133":{"start":{"line":237,"column":8},"end":{"line":237,"column":119}},"134":{"start":{"line":243,"column":4},"end":{"line":260,"column":5}},"135":{"start":{"line":244,"column":22},"end":{"line":244,"column":61}},"136":{"start":{"line":245,"column":24},"end":{"line":245,"column":38}},"137":{"start":{"line":246,"column":19},"end":{"line":246,"column":63}},"138":{"start":{"line":247,"column":23},"end":{"line":247,"column":84}},"139":{"start":{"line":248,"column":6},"end":{"line":252,"column":7}},"140":{"start":{"line":249,"column":8},"end":{"line":249,"column":56}},"141":{"start":{"line":251,"column":8},"end":{"line":251,"column":65}},"142":{"start":{"line":254,"column":6},"end":{"line":254,"column":27}},"143":{"start":{"line":255,"column":6},"end":{"line":259,"column":7}},"144":{"start":{"line":256,"column":8},"end":{"line":256,"column":99}},"145":{"start":{"line":258,"column":8},"end":{"line":258,"column":119}},"146":{"start":{"line":264,"column":4},"end":{"line":279,"column":5}},"147":{"start":{"line":265,"column":27},"end":{"line":265,"column":59}},"148":{"start":{"line":266,"column":23},"end":{"line":266,"column":76}},"149":{"start":{"line":267,"column":6},"end":{"line":271,"column":7}},"150":{"start":{"line":268,"column":8},"end":{"line":268,"column":56}},"151":{"start":{"line":270,"column":8},"end":{"line":270,"column":65}},"152":{"start":{"line":273,"column":6},"end":{"line":273,"column":27}},"153":{"start":{"line":274,"column":6},"end":{"line":278,"column":7}},"154":{"start":{"line":275,"column":8},"end":{"line":275,"column":99}},"155":{"start":{"line":277,"column":8},"end":{"line":277,"column":119}},"156":{"start":{"line":283,"column":4},"end":{"line":315,"column":5}},"157":{"start":{"line":284,"column":27},"end":{"line":284,"column":59}},"158":{"start":{"line":285,"column":49},"end":{"line":285,"column":57}},"159":{"start":{"line":286,"column":26},"end":{"line":286,"column":119}},"160":{"start":{"line":287,"column":19},"end":{"line":287,"column":99}},"161":{"start":{"line":288,"column":20},"end":{"line":288,"column":96}},"162":{"start":{"line":289,"column":26},"end":{"line":291,"column":19}},"163":{"start":{"line":293,"column":23},"end":{"line":301,"column":null}},"164":{"start":{"line":303,"column":6},"end":{"line":307,"column":7}},"165":{"start":{"line":304,"column":8},"end":{"line":304,"column":56}},"166":{"start":{"line":306,"column":8},"end":{"line":306,"column":65}},"167":{"start":{"line":309,"column":6},"end":{"line":309,"column":27}},"168":{"start":{"line":310,"column":6},"end":{"line":314,"column":7}},"169":{"start":{"line":311,"column":8},"end":{"line":311,"column":99}},"170":{"start":{"line":313,"column":8},"end":{"line":313,"column":119}},"171":{"start":{"line":319,"column":4},"end":{"line":354,"column":5}},"172":{"start":{"line":320,"column":27},"end":{"line":320,"column":59}},"173":{"start":{"line":321,"column":49},"end":{"line":321,"column":57}},"174":{"start":{"line":322,"column":22},"end":{"line":322,"column":103}},"175":{"start":{"line":323,"column":26},"end":{"line":323,"column":119}},"176":{"start":{"line":324,"column":23},"end":{"line":324,"column":107}},"177":{"start":{"line":325,"column":18},"end":{"line":325,"column":88}},"178":{"start":{"line":326,"column":18},"end":{"line":326,"column":88}},"179":{"start":{"line":327,"column":20},"end":{"line":327,"column":96}},"180":{"start":{"line":328,"column":20},"end":{"line":328,"column":103}},"181":{"start":{"line":329,"column":23},"end":{"line":340,"column":null}},"182":{"start":{"line":342,"column":6},"end":{"line":346,"column":7}},"183":{"start":{"line":343,"column":8},"end":{"line":343,"column":56}},"184":{"start":{"line":345,"column":8},"end":{"line":345,"column":65}},"185":{"start":{"line":348,"column":6},"end":{"line":348,"column":27}},"186":{"start":{"line":349,"column":6},"end":{"line":353,"column":7}},"187":{"start":{"line":350,"column":8},"end":{"line":350,"column":99}},"188":{"start":{"line":352,"column":8},"end":{"line":352,"column":119}},"189":{"start":{"line":358,"column":4},"end":{"line":373,"column":5}},"190":{"start":{"line":359,"column":27},"end":{"line":359,"column":59}},"191":{"start":{"line":360,"column":23},"end":{"line":360,"column":83}},"192":{"start":{"line":361,"column":6},"end":{"line":365,"column":7}},"193":{"start":{"line":362,"column":8},"end":{"line":362,"column":56}},"194":{"start":{"line":364,"column":8},"end":{"line":364,"column":65}},"195":{"start":{"line":367,"column":6},"end":{"line":367,"column":27}},"196":{"start":{"line":368,"column":6},"end":{"line":372,"column":7}},"197":{"start":{"line":369,"column":8},"end":{"line":369,"column":99}},"198":{"start":{"line":371,"column":8},"end":{"line":371,"column":119}},"199":{"start":{"line":24,"column":0},"end":{"line":24,"column":13}}},"fnMap":{"0":{"name":"(anonymous_7)","decl":{"start":{"line":25,"column":2},"end":{"line":25,"column":8}},"loc":{"start":{"line":25,"column":49},"end":{"line":63,"column":null}}},"1":{"name":"(anonymous_9)","decl":{"start":{"line":65,"column":2},"end":{"line":65,"column":8}},"loc":{"start":{"line":65,"column":48},"end":{"line":78,"column":null}}},"2":{"name":"(anonymous_11)","decl":{"start":{"line":80,"column":2},"end":{"line":80,"column":8}},"loc":{"start":{"line":80,"column":56},"end":{"line":114,"column":null}}},"3":{"name":"(anonymous_13)","decl":{"start":{"line":116,"column":2},"end":{"line":116,"column":8}},"loc":{"start":{"line":116,"column":56},"end":{"line":136,"column":null}}},"4":{"name":"(anonymous_15)","decl":{"start":{"line":138,"column":2},"end":{"line":138,"column":8}},"loc":{"start":{"line":138,"column":49},"end":{"line":156,"column":null}}},"5":{"name":"(anonymous_17)","decl":{"start":{"line":158,"column":2},"end":{"line":158,"column":8}},"loc":{"start":{"line":158,"column":61},"end":{"line":177,"column":null}}},"6":{"name":"(anonymous_19)","decl":{"start":{"line":179,"column":2},"end":{"line":179,"column":8}},"loc":{"start":{"line":179,"column":61},"end":{"line":198,"column":null}}},"7":{"name":"(anonymous_21)","decl":{"start":{"line":200,"column":2},"end":{"line":200,"column":8}},"loc":{"start":{"line":200,"column":61},"end":{"line":219,"column":null}}},"8":{"name":"(anonymous_23)","decl":{"start":{"line":221,"column":2},"end":{"line":221,"column":8}},"loc":{"start":{"line":221,"column":58},"end":{"line":240,"column":null}}},"9":{"name":"(anonymous_25)","decl":{"start":{"line":242,"column":2},"end":{"line":242,"column":8}},"loc":{"start":{"line":242,"column":57},"end":{"line":261,"column":null}}},"10":{"name":"(anonymous_27)","decl":{"start":{"line":263,"column":2},"end":{"line":263,"column":8}},"loc":{"start":{"line":263,"column":50},"end":{"line":280,"column":null}}},"11":{"name":"(anonymous_29)","decl":{"start":{"line":282,"column":2},"end":{"line":282,"column":8}},"loc":{"start":{"line":282,"column":56},"end":{"line":316,"column":null}}},"12":{"name":"(anonymous_31)","decl":{"start":{"line":318,"column":2},"end":{"line":318,"column":8}},"loc":{"start":{"line":318,"column":56},"end":{"line":355,"column":null}}},"13":{"name":"(anonymous_33)","decl":{"start":{"line":357,"column":2},"end":{"line":357,"column":8}},"loc":{"start":{"line":357,"column":57},"end":{"line":374,"column":null}}}},"branchMap":{"0":{"loc":{"start":{"line":32,"column":26},"end":{"line":34,"column":19}},"type":"cond-expr","locations":[{"start":{"line":33,"column":10},"end":{"line":33,"column":61}},{"start":{"line":34,"column":10},"end":{"line":34,"column":19}}]},"1":{"loc":{"start":{"line":38,"column":6},"end":{"line":38,"column":86}},"type":"cond-expr","locations":[{"start":{"line":38,"column":37},"end":{"line":38,"column":74}},{"start":{"line":38,"column":77},"end":{"line":38,"column":86}}]},"2":{"loc":{"start":{"line":39,"column":6},"end":{"line":39,"column":86}},"type":"cond-expr","locations":[{"start":{"line":39,"column":37},"end":{"line":39,"column":74}},{"start":{"line":39,"column":77},"end":{"line":39,"column":86}}]},"3":{"loc":{"start":{"line":50,"column":6},"end":{"line":54,"column":7}},"type":"if","locations":[{"start":{"line":50,"column":6},"end":{"line":54,"column":7}},{"start":{"line":52,"column":13},"end":{"line":54,"column":7}}]},"4":{"loc":{"start":{"line":57,"column":6},"end":{"line":61,"column":7}},"type":"if","locations":[{"start":{"line":57,"column":6},"end":{"line":61,"column":7}},{"start":{"line":59,"column":13},"end":{"line":61,"column":7}}]},"5":{"loc":{"start":{"line":57,"column":10},"end":{"line":57,"column":88}},"type":"binary-expr","locations":[{"start":{"line":57,"column":10},"end":{"line":57,"column":47}},{"start":{"line":57,"column":51},"end":{"line":57,"column":88}}]},"6":{"loc":{"start":{"line":69,"column":6},"end":{"line":73,"column":7}},"type":"if","locations":[{"start":{"line":69,"column":6},"end":{"line":73,"column":7}},{"start":{"line":71,"column":13},"end":{"line":73,"column":7}}]},"7":{"loc":{"start":{"line":87,"column":18},"end":{"line":87,"column":76}},"type":"cond-expr","locations":[{"start":{"line":87,"column":35},"end":{"line":87,"column":64}},{"start":{"line":87,"column":67},"end":{"line":87,"column":76}}]},"8":{"loc":{"start":{"line":88,"column":18},"end":{"line":88,"column":76}},"type":"cond-expr","locations":[{"start":{"line":88,"column":35},"end":{"line":88,"column":64}},{"start":{"line":88,"column":67},"end":{"line":88,"column":76}}]},"9":{"loc":{"start":{"line":101,"column":6},"end":{"line":105,"column":7}},"type":"if","locations":[{"start":{"line":101,"column":6},"end":{"line":105,"column":7}},{"start":{"line":103,"column":13},"end":{"line":105,"column":7}}]},"10":{"loc":{"start":{"line":108,"column":6},"end":{"line":112,"column":7}},"type":"if","locations":[{"start":{"line":108,"column":6},"end":{"line":112,"column":7}},{"start":{"line":110,"column":13},"end":{"line":112,"column":7}}]},"11":{"loc":{"start":{"line":108,"column":10},"end":{"line":108,"column":88}},"type":"binary-expr","locations":[{"start":{"line":108,"column":10},"end":{"line":108,"column":47}},{"start":{"line":108,"column":51},"end":{"line":108,"column":88}}]},"12":{"loc":{"start":{"line":123,"column":6},"end":{"line":127,"column":7}},"type":"if","locations":[{"start":{"line":123,"column":6},"end":{"line":127,"column":7}},{"start":{"line":125,"column":13},"end":{"line":127,"column":7}}]},"13":{"loc":{"start":{"line":130,"column":6},"end":{"line":134,"column":7}},"type":"if","locations":[{"start":{"line":130,"column":6},"end":{"line":134,"column":7}},{"start":{"line":132,"column":13},"end":{"line":134,"column":7}}]},"14":{"loc":{"start":{"line":130,"column":10},"end":{"line":130,"column":88}},"type":"binary-expr","locations":[{"start":{"line":130,"column":10},"end":{"line":130,"column":47}},{"start":{"line":130,"column":51},"end":{"line":130,"column":88}}]},"15":{"loc":{"start":{"line":141,"column":28},"end":{"line":141,"column":62}},"type":"binary-expr","locations":[{"start":{"line":141,"column":28},"end":{"line":141,"column":57}},{"start":{"line":141,"column":61},"end":{"line":141,"column":62}}]},"16":{"loc":{"start":{"line":143,"column":6},"end":{"line":147,"column":7}},"type":"if","locations":[{"start":{"line":143,"column":6},"end":{"line":147,"column":7}},{"start":{"line":145,"column":13},"end":{"line":147,"column":7}}]},"17":{"loc":{"start":{"line":150,"column":6},"end":{"line":154,"column":7}},"type":"if","locations":[{"start":{"line":150,"column":6},"end":{"line":154,"column":7}},{"start":{"line":152,"column":13},"end":{"line":154,"column":7}}]},"18":{"loc":{"start":{"line":161,"column":28},"end":{"line":161,"column":62}},"type":"binary-expr","locations":[{"start":{"line":161,"column":28},"end":{"line":161,"column":57}},{"start":{"line":161,"column":61},"end":{"line":161,"column":62}}]},"19":{"loc":{"start":{"line":164,"column":6},"end":{"line":168,"column":7}},"type":"if","locations":[{"start":{"line":164,"column":6},"end":{"line":168,"column":7}},{"start":{"line":166,"column":13},"end":{"line":168,"column":7}}]},"20":{"loc":{"start":{"line":171,"column":6},"end":{"line":175,"column":7}},"type":"if","locations":[{"start":{"line":171,"column":6},"end":{"line":175,"column":7}},{"start":{"line":173,"column":13},"end":{"line":175,"column":7}}]},"21":{"loc":{"start":{"line":183,"column":28},"end":{"line":183,"column":62}},"type":"binary-expr","locations":[{"start":{"line":183,"column":28},"end":{"line":183,"column":57}},{"start":{"line":183,"column":61},"end":{"line":183,"column":62}}]},"22":{"loc":{"start":{"line":185,"column":6},"end":{"line":189,"column":7}},"type":"if","locations":[{"start":{"line":185,"column":6},"end":{"line":189,"column":7}},{"start":{"line":187,"column":13},"end":{"line":189,"column":7}}]},"23":{"loc":{"start":{"line":192,"column":6},"end":{"line":196,"column":7}},"type":"if","locations":[{"start":{"line":192,"column":6},"end":{"line":196,"column":7}},{"start":{"line":194,"column":13},"end":{"line":196,"column":7}}]},"24":{"loc":{"start":{"line":204,"column":28},"end":{"line":204,"column":62}},"type":"binary-expr","locations":[{"start":{"line":204,"column":28},"end":{"line":204,"column":57}},{"start":{"line":204,"column":61},"end":{"line":204,"column":62}}]},"25":{"loc":{"start":{"line":206,"column":6},"end":{"line":210,"column":7}},"type":"if","locations":[{"start":{"line":206,"column":6},"end":{"line":210,"column":7}},{"start":{"line":208,"column":13},"end":{"line":210,"column":7}}]},"26":{"loc":{"start":{"line":213,"column":6},"end":{"line":217,"column":7}},"type":"if","locations":[{"start":{"line":213,"column":6},"end":{"line":217,"column":7}},{"start":{"line":215,"column":13},"end":{"line":217,"column":7}}]},"27":{"loc":{"start":{"line":225,"column":28},"end":{"line":225,"column":62}},"type":"binary-expr","locations":[{"start":{"line":225,"column":28},"end":{"line":225,"column":57}},{"start":{"line":225,"column":61},"end":{"line":225,"column":62}}]},"28":{"loc":{"start":{"line":227,"column":6},"end":{"line":231,"column":7}},"type":"if","locations":[{"start":{"line":227,"column":6},"end":{"line":231,"column":7}},{"start":{"line":229,"column":13},"end":{"line":231,"column":7}}]},"29":{"loc":{"start":{"line":234,"column":6},"end":{"line":238,"column":7}},"type":"if","locations":[{"start":{"line":234,"column":6},"end":{"line":238,"column":7}},{"start":{"line":236,"column":13},"end":{"line":238,"column":7}}]},"30":{"loc":{"start":{"line":246,"column":28},"end":{"line":246,"column":62}},"type":"binary-expr","locations":[{"start":{"line":246,"column":28},"end":{"line":246,"column":57}},{"start":{"line":246,"column":61},"end":{"line":246,"column":62}}]},"31":{"loc":{"start":{"line":248,"column":6},"end":{"line":252,"column":7}},"type":"if","locations":[{"start":{"line":248,"column":6},"end":{"line":252,"column":7}},{"start":{"line":250,"column":13},"end":{"line":252,"column":7}}]},"32":{"loc":{"start":{"line":255,"column":6},"end":{"line":259,"column":7}},"type":"if","locations":[{"start":{"line":255,"column":6},"end":{"line":259,"column":7}},{"start":{"line":257,"column":13},"end":{"line":259,"column":7}}]},"33":{"loc":{"start":{"line":267,"column":6},"end":{"line":271,"column":7}},"type":"if","locations":[{"start":{"line":267,"column":6},"end":{"line":271,"column":7}},{"start":{"line":269,"column":13},"end":{"line":271,"column":7}}]},"34":{"loc":{"start":{"line":274,"column":6},"end":{"line":278,"column":7}},"type":"if","locations":[{"start":{"line":274,"column":6},"end":{"line":278,"column":7}},{"start":{"line":276,"column":13},"end":{"line":278,"column":7}}]},"35":{"loc":{"start":{"line":286,"column":26},"end":{"line":286,"column":119}},"type":"cond-expr","locations":[{"start":{"line":286,"column":57},"end":{"line":286,"column":107}},{"start":{"line":286,"column":110},"end":{"line":286,"column":119}}]},"36":{"loc":{"start":{"line":287,"column":19},"end":{"line":287,"column":99}},"type":"cond-expr","locations":[{"start":{"line":287,"column":43},"end":{"line":287,"column":87}},{"start":{"line":287,"column":90},"end":{"line":287,"column":99}}]},"37":{"loc":{"start":{"line":288,"column":20},"end":{"line":288,"column":96}},"type":"cond-expr","locations":[{"start":{"line":288,"column":45},"end":{"line":288,"column":84}},{"start":{"line":288,"column":87},"end":{"line":288,"column":96}}]},"38":{"loc":{"start":{"line":289,"column":26},"end":{"line":291,"column":19}},"type":"cond-expr","locations":[{"start":{"line":290,"column":10},"end":{"line":290,"column":61}},{"start":{"line":291,"column":10},"end":{"line":291,"column":19}}]},"39":{"loc":{"start":{"line":303,"column":6},"end":{"line":307,"column":7}},"type":"if","locations":[{"start":{"line":303,"column":6},"end":{"line":307,"column":7}},{"start":{"line":305,"column":13},"end":{"line":307,"column":7}}]},"40":{"loc":{"start":{"line":310,"column":6},"end":{"line":314,"column":7}},"type":"if","locations":[{"start":{"line":310,"column":6},"end":{"line":314,"column":7}},{"start":{"line":312,"column":13},"end":{"line":314,"column":7}}]},"41":{"loc":{"start":{"line":322,"column":22},"end":{"line":322,"column":103}},"type":"cond-expr","locations":[{"start":{"line":322,"column":49},"end":{"line":322,"column":91}},{"start":{"line":322,"column":94},"end":{"line":322,"column":103}}]},"42":{"loc":{"start":{"line":323,"column":26},"end":{"line":323,"column":119}},"type":"cond-expr","locations":[{"start":{"line":323,"column":57},"end":{"line":323,"column":107}},{"start":{"line":323,"column":110},"end":{"line":323,"column":119}}]},"43":{"loc":{"start":{"line":324,"column":23},"end":{"line":324,"column":107}},"type":"cond-expr","locations":[{"start":{"line":324,"column":51},"end":{"line":324,"column":95}},{"start":{"line":324,"column":98},"end":{"line":324,"column":107}}]},"44":{"loc":{"start":{"line":325,"column":18},"end":{"line":325,"column":88}},"type":"cond-expr","locations":[{"start":{"line":325,"column":41},"end":{"line":325,"column":76}},{"start":{"line":325,"column":79},"end":{"line":325,"column":88}}]},"45":{"loc":{"start":{"line":326,"column":18},"end":{"line":326,"column":88}},"type":"cond-expr","locations":[{"start":{"line":326,"column":41},"end":{"line":326,"column":76}},{"start":{"line":326,"column":79},"end":{"line":326,"column":88}}]},"46":{"loc":{"start":{"line":327,"column":20},"end":{"line":327,"column":96}},"type":"cond-expr","locations":[{"start":{"line":327,"column":45},"end":{"line":327,"column":84}},{"start":{"line":327,"column":87},"end":{"line":327,"column":96}}]},"47":{"loc":{"start":{"line":328,"column":20},"end":{"line":328,"column":103}},"type":"cond-expr","locations":[{"start":{"line":328,"column":45},"end":{"line":328,"column":91}},{"start":{"line":328,"column":94},"end":{"line":328,"column":103}}]},"48":{"loc":{"start":{"line":342,"column":6},"end":{"line":346,"column":7}},"type":"if","locations":[{"start":{"line":342,"column":6},"end":{"line":346,"column":7}},{"start":{"line":344,"column":13},"end":{"line":346,"column":7}}]},"49":{"loc":{"start":{"line":349,"column":6},"end":{"line":353,"column":7}},"type":"if","locations":[{"start":{"line":349,"column":6},"end":{"line":353,"column":7}},{"start":{"line":351,"column":13},"end":{"line":353,"column":7}}]},"50":{"loc":{"start":{"line":361,"column":6},"end":{"line":365,"column":7}},"type":"if","locations":[{"start":{"line":361,"column":6},"end":{"line":365,"column":7}},{"start":{"line":363,"column":13},"end":{"line":365,"column":7}}]},"51":{"loc":{"start":{"line":368,"column":6},"end":{"line":372,"column":7}},"type":"if","locations":[{"start":{"line":368,"column":6},"end":{"line":372,"column":7}},{"start":{"line":370,"column":13},"end":{"line":372,"column":7}}]}},"s":{"0":1,"1":1,"2":1,"3":1,"4":1,"5":1,"6":1,"7":1,"8":1,"9":1,"10":1,"11":1,"12":1,"13":1,"14":1,"15":1,"16":1,"17":0,"18":0,"19":0,"20":0,"21":0,"22":0,"23":0,"24":0,"25":0,"26":0,"27":0,"28":0,"29":0,"30":0,"31":0,"32":0,"33":0,"34":0,"35":0,"36":0,"37":0,"38":0,"39":0,"40":0,"41":0,"42":0,"43":0,"44":0,"45":0,"46":0,"47":0,"48":0,"49":0,"50":0,"51":0,"52":0,"53":0,"54":0,"55":0,"56":0,"57":0,"58":0,"59":0,"60":0,"61":0,"62":0,"63":0,"64":0,"65":0,"66":0,"67":0,"68":0,"69":0,"70":0,"71":0,"72":0,"73":0,"74":0,"75":0,"76":0,"77":0,"78":0,"79":0,"80":0,"81":0,"82":0,"83":0,"84":0,"85":0,"86":0,"87":0,"88":0,"89":0,"90":0,"91":0,"92":0,"93":0,"94":0,"95":0,"96":0,"97":0,"98":0,"99":0,"100":0,"101":0,"102":0,"103":0,"104":0,"105":0,"106":0,"107":0,"108":0,"109":0,"110":0,"111":0,"112":0,"113":0,"114":0,"115":0,"116":0,"117":0,"118":0,"119":0,"120":0,"121":0,"122":0,"123":0,"124":0,"125":0,"126":0,"127":0,"128":0,"129":0,"130":0,"131":0,"132":0,"133":0,"134":0,"135":0,"136":0,"137":0,"138":0,"139":0,"140":0,"141":0,"142":0,"143":0,"144":0,"145":0,"146":0,"147":0,"148":0,"149":0,"150":0,"151":0,"152":0,"153":0,"154":0,"155":0,"156":0,"157":0,"158":0,"159":0,"160":0,"161":0,"162":0,"163":0,"164":0,"165":0,"166":0,"167":0,"168":0,"169":0,"170":0,"171":0,"172":0,"173":0,"174":0,"175":0,"176":0,"177":0,"178":0,"179":0,"180":0,"181":0,"182":0,"183":0,"184":0,"185":0,"186":0,"187":0,"188":0,"189":0,"190":0,"191":0,"192":0,"193":0,"194":0,"195":0,"196":0,"197":0,"198":0,"199":1},"f":{"0":0,"1":0,"2":0,"3":0,"4":0,"5":0,"6":0,"7":0,"8":0,"9":0,"10":0,"11":0,"12":0,"13":0},"b":{"0":[0,0],"1":[0,0],"2":[0,0],"3":[0,0],"4":[0,0],"5":[0,0],"6":[0,0],"7":[0,0],"8":[0,0],"9":[0,0],"10":[0,0],"11":[0,0],"12":[0,0],"13":[0,0],"14":[0,0],"15":[0,0],"16":[0,0],"17":[0,0],"18":[0,0],"19":[0,0],"20":[0,0],"21":[0,0],"22":[0,0],"23":[0,0],"24":[0,0],"25":[0,0],"26":[0,0],"27":[0,0],"28":[0,0],"29":[0,0],"30":[0,0],"31":[0,0],"32":[0,0],"33":[0,0],"34":[0,0],"35":[0,0],"36":[0,0],"37":[0,0],"38":[0,0],"39":[0,0],"40":[0,0],"41":[0,0],"42":[0,0],"43":[0,0],"44":[0,0],"45":[0,0],"46":[0,0],"47":[0,0],"48":[0,0],"49":[0,0],"50":[0,0],"51":[0,0]}}
,"C:\\Users\\deyne\\OneDrive\\Datos adjuntos de correo electrónico\\Documentos\\Proyecto de grado\\back\\src\\controllers\\seller.controller.ts": {"path":"C:\\Users\\deyne\\OneDrive\\Datos adjuntos de correo electrónico\\Documentos\\Proyecto de grado\\back\\src\\controllers\\seller.controller.ts","statementMap":{"0":{"start":{"line":3,"column":0},"end":{"line":3,"column":60}},"1":{"start":{"line":4,"column":0},"end":{"line":4,"column":61}},"2":{"start":{"line":5,"column":0},"end":{"line":5,"column":72}},"3":{"start":{"line":6,"column":0},"end":{"line":6,"column":71}},"4":{"start":{"line":7,"column":0},"end":{"line":7,"column":59}},"5":{"start":{"line":8,"column":0},"end":{"line":8,"column":64}},"6":{"start":{"line":9,"column":0},"end":{"line":9,"column":88}},"7":{"start":{"line":10,"column":0},"end":{"line":10,"column":90}},"8":{"start":{"line":11,"column":0},"end":{"line":11,"column":58}},"9":{"start":{"line":15,"column":4},"end":{"line":40,"column":5}},"10":{"start":{"line":16,"column":47},"end":{"line":16,"column":55}},"11":{"start":{"line":17,"column":20},"end":{"line":17,"column":52}},"12":{"start":{"line":18,"column":18},"end":{"line":18,"column":46}},"13":{"start":{"line":19,"column":6},"end":{"line":19,"column":48}},"14":{"start":{"line":20,"column":27},"end":{"line":20,"column":72}},"15":{"start":{"line":21,"column":23},"end":{"line":21,"column":61}},"16":{"start":{"line":22,"column":23},"end":{"line":27,"column":8}},"17":{"start":{"line":28,"column":6},"end":{"line":32,"column":7}},"18":{"start":{"line":29,"column":8},"end":{"line":29,"column":61}},"19":{"start":{"line":31,"column":8},"end":{"line":31,"column":65}},"20":{"start":{"line":34,"column":6},"end":{"line":34,"column":27}},"21":{"start":{"line":35,"column":6},"end":{"line":39,"column":7}},"22":{"start":{"line":36,"column":8},"end":{"line":36,"column":99}},"23":{"start":{"line":38,"column":8},"end":{"line":38,"column":119}},"24":{"start":{"line":44,"column":4},"end":{"line":56,"column":5}},"25":{"start":{"line":45,"column":24},"end":{"line":45,"column":38}},"26":{"start":{"line":46,"column":19},"end":{"line":46,"column":63}},"27":{"start":{"line":47,"column":23},"end":{"line":47,"column":55}},"28":{"start":{"line":48,"column":6},"end":{"line":52,"column":7}},"29":{"start":{"line":49,"column":8},"end":{"line":49,"column":56}},"30":{"start":{"line":51,"column":8},"end":{"line":51,"column":65}},"31":{"start":{"line":54,"column":6},"end":{"line":54,"column":25}},"32":{"start":{"line":55,"column":6},"end":{"line":55,"column":117}},"33":{"start":{"line":13,"column":0},"end":{"line":13,"column":13}}},"fnMap":{"0":{"name":"(anonymous_7)","decl":{"start":{"line":14,"column":2},"end":{"line":14,"column":8}},"loc":{"start":{"line":14,"column":49},"end":{"line":41,"column":null}}},"1":{"name":"(anonymous_9)","decl":{"start":{"line":43,"column":2},"end":{"line":43,"column":8}},"loc":{"start":{"line":43,"column":49},"end":{"line":57,"column":null}}}},"branchMap":{"0":{"loc":{"start":{"line":28,"column":6},"end":{"line":32,"column":7}},"type":"if","locations":[{"start":{"line":28,"column":6},"end":{"line":32,"column":7}},{"start":{"line":30,"column":13},"end":{"line":32,"column":7}}]},"1":{"loc":{"start":{"line":35,"column":6},"end":{"line":39,"column":7}},"type":"if","locations":[{"start":{"line":35,"column":6},"end":{"line":39,"column":7}},{"start":{"line":37,"column":13},"end":{"line":39,"column":7}}]},"2":{"loc":{"start":{"line":35,"column":10},"end":{"line":35,"column":88}},"type":"binary-expr","locations":[{"start":{"line":35,"column":10},"end":{"line":35,"column":47}},{"start":{"line":35,"column":51},"end":{"line":35,"column":88}}]},"3":{"loc":{"start":{"line":46,"column":28},"end":{"line":46,"column":62}},"type":"binary-expr","locations":[{"start":{"line":46,"column":28},"end":{"line":46,"column":57}},{"start":{"line":46,"column":61},"end":{"line":46,"column":62}}]},"4":{"loc":{"start":{"line":48,"column":6},"end":{"line":52,"column":7}},"type":"if","locations":[{"start":{"line":48,"column":6},"end":{"line":52,"column":7}},{"start":{"line":50,"column":13},"end":{"line":52,"column":7}}]}},"s":{"0":1,"1":1,"2":1,"3":1,"4":1,"5":1,"6":1,"7":1,"8":1,"9":0,"10":0,"11":0,"12":0,"13":0,"14":0,"15":0,"16":0,"17":0,"18":0,"19":0,"20":0,"21":0,"22":0,"23":0,"24":0,"25":0,"26":0,"27":0,"28":0,"29":0,"30":0,"31":0,"32":0,"33":1},"f":{"0":0,"1":0},"b":{"0":[0,0],"1":[0,0],"2":[0,0],"3":[0,0],"4":[0,0]}}
,"C:\\Users\\deyne\\OneDrive\\Datos adjuntos de correo electrónico\\Documentos\\Proyecto de grado\\back\\src\\controllers\\size.controller.ts": {"path":"C:\\Users\\deyne\\OneDrive\\Datos adjuntos de correo electrónico\\Documentos\\Proyecto de grado\\back\\src\\controllers\\size.controller.ts","statementMap":{"0":{"start":{"line":2,"column":0},"end":{"line":2,"column":64}},"1":{"start":{"line":3,"column":0},"end":{"line":3,"column":55}},"2":{"start":{"line":7,"column":4},"end":{"line":17,"column":5}},"3":{"start":{"line":8,"column":23},"end":{"line":8,"column":49}},"4":{"start":{"line":9,"column":6},"end":{"line":13,"column":7}},"5":{"start":{"line":10,"column":8},"end":{"line":10,"column":56}},"6":{"start":{"line":12,"column":8},"end":{"line":12,"column":65}},"7":{"start":{"line":15,"column":6},"end":{"line":15,"column":25}},"8":{"start":{"line":16,"column":6},"end":{"line":16,"column":117}},"9":{"start":{"line":5,"column":0},"end":{"line":5,"column":13}}},"fnMap":{"0":{"name":"(anonymous_7)","decl":{"start":{"line":6,"column":2},"end":{"line":6,"column":8}},"loc":{"start":{"line":6,"column":49},"end":{"line":18,"column":null}}}},"branchMap":{"0":{"loc":{"start":{"line":9,"column":6},"end":{"line":13,"column":7}},"type":"if","locations":[{"start":{"line":9,"column":6},"end":{"line":13,"column":7}},{"start":{"line":11,"column":13},"end":{"line":13,"column":7}}]}},"s":{"0":1,"1":1,"2":0,"3":0,"4":0,"5":0,"6":0,"7":0,"8":0,"9":1},"f":{"0":0},"b":{"0":[0,0]}}
[...]
,"C:\\Users\\deyne\\OneDrive\\Datos adjuntos de correo electrónico\\Documentos\\Proyecto de grado\\back\\src\\shared\\domain\\value-object\\User\\Password.ts": {"path":"C:\\Users\\deyne\\OneDrive\\Datos adjuntos de correo electrónico\\Documentos\\Proyecto de grado\\back\\src\\shared\\domain\\value-object\\User\\Password.ts","statementMap":{"0":{"start":{"line":1,"column":0},"end":{"line":1,"column":45}},"1":{"start":{"line":2,"column":0},"end":{"line":2,"column":77}},"2":{"start":{"line":6,"column":4},"end":{"line":6,"column":17}},"3":{"start":{"line":7,"column":4},"end":{"line":7,"column":31}},"4":{"start":{"line":11,"column":4},"end":{"line":13,"column":5}},"5":{"start":{"line":12,"column":6},"end":{"line":12,"column":87}},"6":{"start":{"line":15,"column":25},"end":{"line":15,"column":47}},"7":{"start":{"line":16,"column":25},"end":{"line":16,"column":47}},"8":{"start":{"line":17,"column":23},"end":{"line":17,"column":42}},"9":{"start":{"line":18,"column":27},"end":{"line":18,"column":66}},"10":{"start":{"line":20,"column":4},"end":{"line":22,"column":5}},"11":{"start":{"line":21,"column":6},"end":{"line":21,"column":94}},"12":{"start":{"line":24,"column":4},"end":{"line":26,"column":5}},"13":{"start":{"line":25,"column":6},"end":{"line":25,"column":94}},"14":{"start":{"line":28,"column":4},"end":{"line":30,"column":5}},"15":{"start":{"line":29,"column":6},"end":{"line":29,"column":84}},"16":{"start":{"line":32,"column":4},"end":{"line":34,"column":5}},"17":{"start":{"line":33,"column":6},"end":{"line":33,"column":95}},"18":{"start":{"line":38,"column":4},"end":{"line":38,"column":22}},"19":{"start":{"line":4,"column":0},"end":{"line":4,"column":13}}},"fnMap":{"0":{"name":"(anonymous_0)","decl":{"start":{"line":5,"column":2},"end":{"line":5,"column":14}},"loc":{"start":{"line":5,"column":27},"end":{"line":8,"column":3}}},"1":{"name":"(anonymous_1)","decl":{"start":{"line":10,"column":10},"end":{"line":10,"column":24}},"loc":{"start":{"line":10,"column":41},"end":{"line":35,"column":3}}},"2":{"name":"(anonymous_2)","decl":{"start":{"line":37,"column":9},"end":{"line":37,"column":17}},"loc":{"start":{"line":37,"column":17},"end":{"line":39,"column":3}}}},"branchMap":{"0":{"loc":{"start":{"line":11,"column":4},"end":{"line":13,"column":5}},"type":"if","locations":[{"start":{"line":11,"column":4},"end":{"line":13,"column":5}}]},"1":{"loc":{"start":{"line":20,"column":4},"end":{"line":22,"column":5}},"type":"if","locations":[{"start":{"line":20,"column":4},"end":{"line":22,"column":5}}]},"2":{"loc":{"start":{"line":24,"column":4},"end":{"line":26,"column":5}},"type":"if","locations":[{"start":{"line":24,"column":4},"end":{"line":26,"column":5}}]},"3":{"loc":{"start":{"line":28,"column":4},"end":{"line":30,"column":5}},"type":"if","locations":[{"start":{"line":28,"column":4},"end":{"line":30,"column":5}}]},"4":{"loc":{"start":{"line":32,"column":4},"end":{"line":34,"column":5}},"type":"if","locations":[{"start":{"line":32,"column":4},"end":{"line":34,"column":5}}]}},"s":{"0":1,"1":1,"2":0,"3":0,"4":0,"5":0,"6":0,"7":0,"8":0,"9":0,"10":0,"11":0,"12":0,"13":0,"14":0,"15":0,"16":0,"17":0,"18":0,"19":1},"f":{"0":0,"1":0,"2":0},"b":{"0":[0],"1":[0],"2":[0],"3":[0],"4":[0]}}
,"C:\\Users\\deyne\\OneDrive\\Datos adjuntos de correo electrónico\\Documentos\\Proyecto de grado\\back\\src\\shared\\domain\\value-object\\User\\RoleId.ts": {"path":"C:\\Users\\deyne\\OneDrive\\Datos adjuntos de correo electrónico\\Documentos\\Proyecto de grado\\back\\src\\shared\\domain\\value-object\\User\\RoleId.ts","statementMap":{"0":{"start":{"line":1,"column":0},"end":{"line":1,"column":45}},"1":{"start":{"line":2,"column":0},"end":{"line":2,"column":77}},"2":{"start":{"line":6,"column":4},"end":{"line":6,"column":17}},"3":{"start":{"line":7,"column":4},"end":{"line":7,"column":31}},"4":{"start":{"line":11,"column":4},"end":{"line":13,"column":5}},"5":{"start":{"line":12,"column":6},"end":{"line":12,"column":65}},"6":{"start":{"line":17,"column":4},"end":{"line":17,"column":22}},"7":{"start":{"line":4,"column":0},"end":{"line":4,"column":13}}},"fnMap":{"0":{"name":"(anonymous_0)","decl":{"start":{"line":5,"column":2},"end":{"line":5,"column":14}},"loc":{"start":{"line":5,"column":27},"end":{"line":8,"column":3}}},"1":{"name":"(anonymous_1)","decl":{"start":{"line":10,"column":10},"end":{"line":10,"column":24}},"loc":{"start":{"line":10,"column":35},"end":{"line":14,"column":3}}},"2":{"name":"(anonymous_2)","decl":{"start":{"line":16,"column":2},"end":{"line":16,"column":10}},"loc":{"start":{"line":16,"column":10},"end":{"line":18,"column":3}}}},"branchMap":{"0":{"loc":{"start":{"line":11,"column":4},"end":{"line":13,"column":5}},"type":"if","locations":[{"start":{"line":11,"column":4},"end":{"line":13,"column":5}}]}},"s":{"0":1,"1":1,"2":0,"3":0,"4":0,"5":0,"6":0,"7":1},"f":{"0":0,"1":0,"2":0},"b":{"0":[0]}}
,"C:\\Users\\deyne\\OneDrive\\Datos adjuntos de correo electrónico\\Documentos\\Proyecto de grado\\back\\src\\shared\\domain\\value-object\\UserAddress\\AddressId.ts": {"path":"C:\\Users\\deyne\\OneDrive\\Datos adjuntos de correo electrónico\\Documentos\\Proyecto de grado\\back\\src\\shared\\domain\\value-object\\UserAddress\\AddressId.ts","statementMap":{"0":{"start":{"line":1,"column":0},"end":{"line":1,"column":77}},"1":{"start":{"line":2,"column":0},"end":{"line":2,"column":45}},"2":{"start":{"line":6,"column":4},"end":{"line":6,"column":17}},"3":{"start":{"line":7,"column":4},"end":{"line":7,"column":30}},"4":{"start":{"line":11,"column":4},"end":{"line":13,"column":5}},"5":{"start":{"line":12,"column":6},"end":{"line":12,"column":91}},"6":{"start":{"line":15,"column":4},"end":{"line":17,"column":5}},"7":{"start":{"line":16,"column":6},"end":{"line":16,"column":114}},"8":{"start":{"line":21,"column":4},"end":{"line":21,"column":22}},"9":{"start":{"line":4,"column":0},"end":{"line":4,"column":13}}},"fnMap":{"0":{"name":"(anonymous_0)","decl":{"start":{"line":5,"column":2},"end":{"line":5,"column":14}},"loc":{"start":{"line":5,"column":27},"end":{"line":8,"column":3}}},"1":{"name":"(anonymous_1)","decl":{"start":{"line":10,"column":10},"end":{"line":10,"column":23}},"loc":{"start":{"line":10,"column":37},"end":{"line":18,"column":3}}},"2":{"name":"(anonymous_2)","decl":{"start":{"line":20,"column":9},"end":{"line":20,"column":17}},"loc":{"start":{"line":20,"column":17},"end":{"line":22,"column":3}}}},"branchMap":{"0":{"loc":{"start":{"line":11,"column":4},"end":{"line":13,"column":5}},"type":"if","locations":[{"start":{"line":11,"column":4},"end":{"line":13,"column":5}}]},"1":{"loc":{"start":{"line":15,"column":4},"end":{"line":17,"column":5}},"type":"if","locations":[{"start":{"line":15,"column":4},"end":{"line":17,"column":5}}]}},"s":{"0":1,"1":1,"2":0,"3":0,"4":0,"5":0,"6":0,"7":0,"8":0,"9":1},"f":{"0":0,"1":0,"2":0},"b":{"0":[0],"1":[0]}}
,"C:\\Users\\deyne\\OneDrive\\Datos adjuntos de correo electrónico\\Documentos\\Proyecto de grado\\back\\src\\shared\\domain\\value-object\\UserAddress\\AddressLine.ts": {"path":"C:\\Users\\deyne\\OneDrive\\Datos adjuntos de correo electrónico\\Documentos\\Proyecto de grado\\back\\src\\shared\\domain\\value-object\\UserAddress\\AddressLine.ts","statementMap":{"0":{"start":{"line":1,"column":0},"end":{"line":1,"column":77}},"1":{"start":{"line":2,"column":0},"end":{"line":2,"column":45}},"2":{"start":{"line":6,"column":4},"end":{"line":6,"column":17}},"3":{"start":{"line":7,"column":4},"end":{"line":7,"column":36}},"4":{"start":{"line":11,"column":4},"end":{"line":13,"column":5}},"5":{"start":{"line":12,"column":6},"end":{"line":12,"column":89}},"6":{"start":{"line":17,"column":4},"end":{"line":17,"column":22}},"7":{"start":{"line":4,"column":0},"end":{"line":4,"column":13}}},"fnMap":{"0":{"name":"(anonymous_0)","decl":{"start":{"line":5,"column":2},"end":{"line":5,"column":14}},"loc":{"start":{"line":5,"column":27},"end":{"line":8,"column":3}}},"1":{"name":"(anonymous_1)","decl":{"start":{"line":10,"column":10},"end":{"line":10,"column":29}},"loc":{"start":{"line":10,"column":43},"end":{"line":14,"column":3}}},"2":{"name":"(anonymous_2)","decl":{"start":{"line":16,"column":2},"end":{"line":16,"column":10}},"loc":{"start":{"line":16,"column":10},"end":{"line":18,"column":3}}}},"branchMap":{"0":{"loc":{"start":{"line":11,"column":4},"end":{"line":13,"column":5}},"type":"if","locations":[{"start":{"line":11,"column":4},"end":{"line":13,"column":5}}]},"1":{"loc":{"start":{"line":11,"column":8},"end":{"line":11,"column":46}},"type":"binary-expr","locations":[{"start":{"line":11,"column":8},"end":{"line":11,"column":24}},{"start":{"line":11,"column":28},"end":{"line":11,"column":46}}]}},"s":{"0":1,"1":1,"2":2,"3":2,"4":2,"5":0,"6":1,"7":1},"f":{"0":2,"1":2,"2":1},"b":{"0":[0],"1":[2,2]}}
,"C:\\Users\\deyne\\OneDrive\\Datos adjuntos de correo electrónico\\Documentos\\Proyecto de grado\\back\\src\\shared\\domain\\value-object\\UserAddress\\AddressPhone.ts": {"path":"C:\\Users\\deyne\\OneDrive\\Datos adjuntos de correo electrónico\\Documentos\\Proyecto de grado\\back\\src\\shared\\domain\\value-object\\UserAddress\\AddressPhone.ts","statementMap":{"0":{"start":{"line":1,"column":0},"end":{"line":1,"column":77}},"1":{"start":{"line":2,"column":0},"end":{"line":2,"column":45}},"2":{"start":{"line":6,"column":4},"end":{"line":6,"column":17}},"3":{"start":{"line":7,"column":4},"end":{"line":7,"column":30}},"4":{"start":{"line":11,"column":4},"end":{"line":13,"column":5}},"5":{"start":{"line":12,"column":6},"end":{"line":12,"column":88}},"6":{"start":{"line":15,"column":4},"end":{"line":17,"column":5}},"7":{"start":{"line":16,"column":6},"end":{"line":16,"column":108}},"8":{"start":{"line":21,"column":4},"end":{"line":21,"column":22}},"9":{"start":{"line":4,"column":0},"end":{"line":4,"column":13}}},"fnMap":{"0":{"name":"(anonymous_0)","decl":{"start":{"line":5,"column":2},"end":{"line":5,"column":14}},"loc":{"start":{"line":5,"column":27},"end":{"line":8,"column":3}}},"1":{"name":"(anonymous_1)","decl":{"start":{"line":10,"column":10},"end":{"line":10,"column":23}},"loc":{"start":{"line":10,"column":37},"end":{"line":18,"column":3}}},"2":{"name":"(anonymous_2)","decl":{"start":{"line":20,"column":9},"end":{"line":20,"column":17}},"loc":{"start":{"line":20,"column":17},"end":{"line":22,"column":3}}}},"branchMap":{"0":{"loc":{"start":{"line":11,"column":4},"end":{"line":13,"column":5}},"type":"if","locations":[{"start":{"line":11,"column":4},"end":{"line":13,"column":5}}]},"1":{"loc":{"start":{"line":11,"column":8},"end":{"line":11,"column":62}},"type":"binary-expr","locations":[{"start":{"line":11,"column":8},"end":{"line":11,"column":33}},{"start":{"line":11,"column":37},"end":{"line":11,"column":62}}]},"2":{"loc":{"start":{"line":15,"column":4},"end":{"line":17,"column":5}},"type":"if","locations":[{"start":{"line":15,"column":4},"end":{"line":17,"column":5}}]},"3":{"loc":{"start":{"line":15,"column":8},"end":{"line":15,"column":67}},"type":"binary-expr","locations":[{"start":{"line":15,"column":8},"end":{"line":15,"column":35}},{"start":{"line":15,"column":39},"end":{"line":15,"column":67}}]}},"s":{"0":1,"1":1,"2":1,"3":1,"4":1,"5":0,"6":1,"7":0,"8":1,"9":1},"f":{"0":1,"1":1,"2":1},"b":{"0":[0],"1":[1,1],"2":[0],"3":[1,1]}}
,"C:\\Users\\deyne\\OneDrive\\Datos adjuntos de correo electrónico\\Documentos\\Proyecto de grado\\back\\src\\shared\\domain\\value-object\\UserAddress\\NeighborhoodId.ts": {"path":"C:\\Users\\deyne\\OneDrive\\Datos adjuntos de correo electrónico\\Documentos\\Proyecto de grado\\back\\src\\shared\\domain\\value-object\\UserAddress\\NeighborhoodId.ts","statementMap":{"0":{"start":{"line":1,"column":0},"end":{"line":1,"column":77}},"1":{"start":{"line":2,"column":0},"end":{"line":2,"column":45}},"2":{"start":{"line":6,"column":4},"end":{"line":6,"column":17}},"3":{"start":{"line":7,"column":4},"end":{"line":7,"column":30}},"4":{"start":{"line":11,"column":4},"end":{"line":13,"column":5}},"5":{"start":{"line":12,"column":6},"end":{"line":12,"column":86}},"6":{"start":{"line":15,"column":4},"end":{"line":17,"column":5}},"7":{"start":{"line":16,"column":6},"end":{"line":16,"column":109}},"8":{"start":{"line":21,"column":4},"end":{"line":21,"column":22}},"9":{"start":{"line":4,"column":0},"end":{"line":4,"column":13}}},"fnMap":{"0":{"name":"(anonymous_0)","decl":{"start":{"line":5,"column":2},"end":{"line":5,"column":14}},"loc":{"start":{"line":5,"column":27},"end":{"line":8,"column":3}}},"1":{"name":"(anonymous_1)","decl":{"start":{"line":10,"column":10},"end":{"line":10,"column":23}},"loc":{"start":{"line":10,"column":37},"end":{"line":18,"column":3}}},"2":{"name":"(anonymous_2)","decl":{"start":{"line":20,"column":9},"end":{"line":20,"column":17}},"loc":{"start":{"line":20,"column":17},"end":{"line":22,"column":3}}}},"branchMap":{"0":{"loc":{"start":{"line":11,"column":4},"end":{"line":13,"column":5}},"type":"if","locations":[{"start":{"line":11,"column":4},"end":{"line":13,"column":5}}]},"1":{"loc":{"start":{"line":15,"column":4},"end":{"line":17,"column":5}},"type":"if","locations":[{"start":{"line":15,"column":4},"end":{"line":17,"column":5}}]}},"s":{"0":1,"1":1,"2":1,"3":1,"4":1,"5":0,"6":1,"7":0,"8":1,"9":1},"f":{"0":1,"1":1,"2":1},"b":{"0":[0],"1":[0]}}
,"C:\\Users\\deyne\\OneDrive\\Datos adjuntos de correo electrónico\\Documentos\\Proyecto de grado\\back\\src\\utils\\constants.ts": {"path":"C:\\Users\\deyne\\OneDrive\\Datos adjuntos de correo electrónico\\Documentos\\Proyecto de grado\\back\\src\\utils\\constants.ts","statementMap":{"0":{"start":{"line":1,"column":13},"end":{"line":3,"column":2}},"1":{"start":{"line":5,"column":13},"end":{"line":12,"column":2}}},"fnMap":{},"branchMap":{},"s":{"0":1,"1":1},"f":{},"b":{}}
,"C:\\Users\\deyne\\OneDrive\\Datos adjuntos de correo electrónico\\Documentos\\Proyecto de grado\\back\\src\\utils\\socrata.api.ts": {"path":"C:\\Users\\deyne\\OneDrive\\Datos adjuntos de correo electrónico\\Documentos\\Proyecto de grado\\back\\src\\utils\\socrata.api.ts","statementMap":{"0":{"start":{"line":1,"column":0},"end":{"line":1,"column":80}},"1":{"start":{"line":2,"column":0},"end":{"line":2,"column":98}},"2":{"start":{"line":4,"column":12},"end":{"line":4,"column":45}},"3":{"start":{"line":5,"column":14},"end":{"line":5,"column":49}},"4":{"start":{"line":9,"column":4},"end":{"line":33,"column":5}},"5":{"start":{"line":10,"column":24},"end":{"line":10,"column":37}},"6":{"start":{"line":11,"column":23},"end":{"line":17,"column":8}},"7":{"start":{"line":18,"column":41},"end":{"line":18,"column":62}},"8":{"start":{"line":19,"column":6},"end":{"line":21,"column":7}},"9":{"start":{"line":20,"column":8},"end":{"line":20,"column":98}},"10":{"start":{"line":23,"column":6},"end":{"line":23,"column":24}},"11":{"start":{"line":25,"column":6},"end":{"line":25,"column":27}},"12":{"start":{"line":26,"column":6},"end":{"line":32,"column":7}},"13":{"start":{"line":27,"column":8},"end":{"line":27,"column":20}},"14":{"start":{"line":29,"column":8},"end":{"line":31,"column":10}},"15":{"start":{"line":7,"column":0},"end":{"line":7,"column":13}},"16":{"start":{"line":38,"column":19},"end":{"line":38,"column":45}},"17":{"start":{"line":39,"column":2},"end":{"line":39,"column":47}},"18":{"start":{"line":40,"column":2},"end":{"line":40,"column":27}}},"fnMap":{"0":{"name":"(anonymous_7)","decl":{"start":{"line":8,"column":2},"end":{"line":8,"column":8}},"loc":{"start":{"line":8,"column":46},"end":{"line":34,"column":null}}},"1":{"name":"parseNit","decl":{"start":{"line":37,"column":9},"end":{"line":37,"column":17}},"loc":{"start":{"line":37,"column":29},"end":{"line":41,"column":1}}}},"branchMap":{"0":{"loc":{"start":{"line":4,"column":12},"end":{"line":4,"column":45}},"type":"binary-expr","locations":[{"start":{"line":4,"column":12},"end":{"line":4,"column":39}},{"start":{"line":4,"column":43},"end":{"line":4,"column":45}}]},"1":{"loc":{"start":{"line":5,"column":14},"end":{"line":5,"column":49}},"type":"binary-expr","locations":[{"start":{"line":5,"column":14},"end":{"line":5,"column":43}},{"start":{"line":5,"column":47},"end":{"line":5,"column":49}}]},"2":{"loc":{"start":{"line":15,"column":25},"end":{"line":15,"column":36}},"type":"binary-expr","locations":[{"start":{"line":15,"column":25},"end":{"line":15,"column":30}},{"start":{"line":15,"column":34},"end":{"line":15,"column":36}}]},"3":{"loc":{"start":{"line":19,"column":6},"end":{"line":21,"column":7}},"type":"if","locations":[{"start":{"line":19,"column":6},"end":{"line":21,"column":7}}]},"4":{"loc":{"start":{"line":26,"column":6},"end":{"line":32,"column":7}},"type":"if","locations":[{"start":{"line":26,"column":6},"end":{"line":32,"column":7}},{"start":{"line":28,"column":13},"end":{"line":32,"column":7}}]}},"s":{"0":1,"1":1,"2":1,"3":1,"4":0,"5":0,"6":0,"7":0,"8":0,"9":0,"10":0,"11":0,"12":0,"13":0,"14":0,"15":1,"16":0,"17":0,"18":0},"f":{"0":0,"1":0},"b":{"0":[1,0],"1":[1,0],"2":[0,0],"3":[0],"4":[0,0]}}
,"C:\\Users\\deyne\\OneDrive\\Datos adjuntos de correo electrónico\\Documentos\\Proyecto de grado\\back\\src\\utils\\jwt\\generate-jwt.ts": {"path":"C:\\Users\\deyne\\OneDrive\\Datos adjuntos de correo electrónico\\Documentos\\Proyecto de grado\\back\\src\\utils\\jwt\\generate-jwt.ts","statementMap":{"0":{"start":{"line":1,"column":0},"end":{"line":1,"column":31}},"1":{"start":{"line":4,"column":2},"end":{"line":13,"column":5}},"2":{"start":{"line":5,"column":4},"end":{"line":12,"column":7}},"3":{"start":{"line":6,"column":6},"end":{"line":11,"column":7}},"4":{"start":{"line":7,"column":8},"end":{"line":7,"column":25}},"5":{"start":{"line":8,"column":8},"end":{"line":8,"column":38}},"6":{"start":{"line":10,"column":8},"end":{"line":10,"column":24}},"7":{"start":{"line":3,"column":0},"end":{"line":3,"column":16}}},"fnMap":{"0":{"name":"generateJwt","decl":{"start":{"line":3,"column":16},"end":{"line":3,"column":27}},"loc":{"start":{"line":3,"column":62},"end":{"line":14,"column":1}}},"1":{"name":"(anonymous_2)","decl":{"start":{"line":4,"column":21},"end":{"line":4,"column":22}},"loc":{"start":{"line":4,"column":41},"end":{"line":13,"column":3}}},"2":{"name":"(anonymous_3)","decl":{"start":{"line":5,"column":87},"end":{"line":5,"column":88}},"loc":{"start":{"line":5,"column":102},"end":{"line":12,"column":5}}}},"branchMap":{"0":{"loc":{"start":{"line":6,"column":6},"end":{"line":11,"column":7}},"type":"if","locations":[{"start":{"line":6,"column":6},"end":{"line":11,"column":7}},{"start":{"line":9,"column":13},"end":{"line":11,"column":7}}]}},"s":{"0":1,"1":0,"2":0,"3":0,"4":0,"5":0,"6":0,"7":1},"f":{"0":0,"1":0,"2":0},"b":{"0":[0,0]}}
}
